

Microchip MPLAB XC8 Assembler V2.31 build 20201012212115 
                                                                                               Thu Jan 28 00:11:38 2021

Microchip MPLAB XC8 C Compiler v2.31 (Free license) build 20201012212115 Og1 
     1                           	processor	16F887
     2                           	pagewidth 120
     3                           	opt	flic
     4                           	psect	idataCOMMON,global,class=CODE,delta=2,noexec
     5                           	psect	nvCOMMON,global,class=COMMON,space=1,delta=1,noexec
     6                           	psect	cinit,global,class=CODE,merge=1,delta=2
     7                           	psect	bssCOMMON,global,class=COMMON,space=1,delta=1,noexec
     8                           	psect	dataCOMMON,global,class=COMMON,space=1,delta=1,noexec
     9                           	psect	cstackCOMMON,global,class=COMMON,space=1,delta=1,noexec
    10                           	psect	maintext,global,class=CODE,split=1,delta=2
    11                           	psect	text1,local,class=CODE,merge=1,delta=2
    12                           	psect	text2,local,class=CODE,merge=1,delta=2
    13                           	psect	text3,local,class=CODE,merge=1,delta=2
    14                           	psect	text4,local,class=CODE,merge=1,delta=2
    15                           	psect	config,global,abs,ovrld,class=CONFIG,space=4,delta=2,noexec
    16                           	dabs	1,0x7E,2
    17  0000                     
    18                           ; Version 2.20
    19                           ; Generated 12/02/2020 GMT
    20                           ; 
    21                           ; Copyright © 2020, Microchip Technology Inc. and its subsidiaries ("Microchip")
    22                           ; All rights reserved.
    23                           ; 
    24                           ; This software is developed by Microchip Technology Inc. and its subsidiaries ("Microch
      +                          ip").
    25                           ; 
    26                           ; Redistribution and use in source and binary forms, with or without modification, are
    27                           ; permitted provided that the following conditions are met:
    28                           ; 
    29                           ;     1. Redistributions of source code must retain the above copyright notice, this lis
      +                          t of
    30                           ;        conditions and the following disclaimer.
    31                           ; 
    32                           ;     2. Redistributions in binary form must reproduce the above copyright notice, this 
      +                          list
    33                           ;        of conditions and the following disclaimer in the documentation and/or other
    34                           ;        materials provided with the distribution.
    35                           ; 
    36                           ;     3. Microchip's name may not be used to endorse or promote products derived from th
      +                          is
    37                           ;        software without specific prior written permission.
    38                           ; 
    39                           ; THIS SOFTWARE IS PROVIDED BY MICROCHIP "AS IS" AND ANY EXPRESS OR IMPLIED WARRANTIES,
    40                           ; INCLUDING, BUT NOT LIMITED TO, THE IMPLIED WARRANTIES OF MERCHANTABILITY AND FITNESS F
      +                          OR
    41                           ; PURPOSE ARE DISCLAIMED.  IN NO EVENT SHALL MICROCHIP BE LIABLE FOR ANY DIRECT, INDIREC
      +                          T,
    42                           ; INCIDENTAL, SPECIAL, EXEMPLARY, OR CONSEQUENTIAL DAMAGES (INCLUDING BUT NOT LIMITED TO
    43                           ; PROCUREMENT OF SUBSTITUTE GOODS OR SERVICES; LOSS OF USE, DATA OR PROFITS; OR BUSINESS
    44                           ; INTERRUPTION) HOWSOEVER CAUSED AND ON ANY THEORY OF LIABILITY, WHETHER IN CONTRACT, ST
      +                          RICT
    45                           ; LIABILITY, OR TORT (INCLUDING NEGLIGENCE OR OTHERWISE) ARISING IN ANY WAY OUT OF THE U
      +                          SE OF
    46                           ; THIS SOFTWARE, EVEN IF ADVISED OF THE POSSIBILITY OF SUCH DAMAGE.
    47                           ; 
    48                           ; 
    49                           ; Code-generator required, PIC16F887 Definitions
    50                           ; 
    51                           ; SFR Addresses
    52  0000                     	;# 
    53  0001                     	;# 
    54  0002                     	;# 
    55  0003                     	;# 
    56  0004                     	;# 
    57  0005                     	;# 
    58  0006                     	;# 
    59  0007                     	;# 
    60  0008                     	;# 
    61  0009                     	;# 
    62  000A                     	;# 
    63  000B                     	;# 
    64  000C                     	;# 
    65  000D                     	;# 
    66  000E                     	;# 
    67  000E                     	;# 
    68  000F                     	;# 
    69  0010                     	;# 
    70  0011                     	;# 
    71  0012                     	;# 
    72  0013                     	;# 
    73  0014                     	;# 
    74  0015                     	;# 
    75  0015                     	;# 
    76  0016                     	;# 
    77  0017                     	;# 
    78  0018                     	;# 
    79  0019                     	;# 
    80  001A                     	;# 
    81  001B                     	;# 
    82  001B                     	;# 
    83  001C                     	;# 
    84  001D                     	;# 
    85  001E                     	;# 
    86  001F                     	;# 
    87  0081                     	;# 
    88  0085                     	;# 
    89  0086                     	;# 
    90  0087                     	;# 
    91  0088                     	;# 
    92  0089                     	;# 
    93  008C                     	;# 
    94  008D                     	;# 
    95  008E                     	;# 
    96  008F                     	;# 
    97  0090                     	;# 
    98  0091                     	;# 
    99  0092                     	;# 
   100  0093                     	;# 
   101  0093                     	;# 
   102  0093                     	;# 
   103  0094                     	;# 
   104  0095                     	;# 
   105  0096                     	;# 
   106  0097                     	;# 
   107  0098                     	;# 
   108  0099                     	;# 
   109  009A                     	;# 
   110  009B                     	;# 
   111  009C                     	;# 
   112  009D                     	;# 
   113  009E                     	;# 
   114  009F                     	;# 
   115  0105                     	;# 
   116  0107                     	;# 
   117  0108                     	;# 
   118  0109                     	;# 
   119  010C                     	;# 
   120  010C                     	;# 
   121  010D                     	;# 
   122  010E                     	;# 
   123  010F                     	;# 
   124  0185                     	;# 
   125  0187                     	;# 
   126  0188                     	;# 
   127  0189                     	;# 
   128  018C                     	;# 
   129  018D                     	;# 
   130  0000                     	;# 
   131  0001                     	;# 
   132  0002                     	;# 
   133  0003                     	;# 
   134  0004                     	;# 
   135  0005                     	;# 
   136  0006                     	;# 
   137  0007                     	;# 
   138  0008                     	;# 
   139  0009                     	;# 
   140  000A                     	;# 
   141  000B                     	;# 
   142  000C                     	;# 
   143  000D                     	;# 
   144  000E                     	;# 
   145  000E                     	;# 
   146  000F                     	;# 
   147  0010                     	;# 
   148  0011                     	;# 
   149  0012                     	;# 
   150  0013                     	;# 
   151  0014                     	;# 
   152  0015                     	;# 
   153  0015                     	;# 
   154  0016                     	;# 
   155  0017                     	;# 
   156  0018                     	;# 
   157  0019                     	;# 
   158  001A                     	;# 
   159  001B                     	;# 
   160  001B                     	;# 
   161  001C                     	;# 
   162  001D                     	;# 
   163  001E                     	;# 
   164  001F                     	;# 
   165  0081                     	;# 
   166  0085                     	;# 
   167  0086                     	;# 
   168  0087                     	;# 
   169  0088                     	;# 
   170  0089                     	;# 
   171  008C                     	;# 
   172  008D                     	;# 
   173  008E                     	;# 
   174  008F                     	;# 
   175  0090                     	;# 
   176  0091                     	;# 
   177  0092                     	;# 
   178  0093                     	;# 
   179  0093                     	;# 
   180  0093                     	;# 
   181  0094                     	;# 
   182  0095                     	;# 
   183  0096                     	;# 
   184  0097                     	;# 
   185  0098                     	;# 
   186  0099                     	;# 
   187  009A                     	;# 
   188  009B                     	;# 
   189  009C                     	;# 
   190  009D                     	;# 
   191  009E                     	;# 
   192  009F                     	;# 
   193  0105                     	;# 
   194  0107                     	;# 
   195  0108                     	;# 
   196  0109                     	;# 
   197  010C                     	;# 
   198  010C                     	;# 
   199  010D                     	;# 
   200  010E                     	;# 
   201  010F                     	;# 
   202  0185                     	;# 
   203  0187                     	;# 
   204  0188                     	;# 
   205  0189                     	;# 
   206  018C                     	;# 
   207  018D                     	;# 
   208                           
   209                           	psect	idataCOMMON
   210  066D                     __pidataCOMMON:
   211                           
   212                           ;initializer for _bandera
   213  066D  3401               	retlw	1
   214  066E  3400               	retlw	0
   215                           
   216                           	psect	nvCOMMON
   217  0077                     __pnvCOMMON:
   218  0077                     _contadorJ2:
   219  0077                     	ds	1
   220  0078                     _contadorJ1:
   221  0078                     	ds	1
   222  0008                     _PORTDbits	set	8
   223  0007                     _PORTCbits	set	7
   224  0009                     _PORTEbits	set	9
   225  0005                     _PORTAbits	set	5
   226  0006                     _PORTBbits	set	6
   227  0005                     _PORTA	set	5
   228  0006                     _PORTB	set	6
   229  0008                     _PORTD	set	8
   230  0007                     _PORTC	set	7
   231  0009                     _PORTE	set	9
   232  0085                     _TRISA	set	133
   233  0086                     _TRISB	set	134
   234  0088                     _TRISD	set	136
   235  0087                     _TRISC	set	135
   236  0089                     _TRISE	set	137
   237  0189                     _ANSELH	set	393
   238  0188                     _ANSEL	set	392
   239                           
   240                           	psect	cinit
   241  07EE                     start_initialization:	
   242                           ; #config settings
   243                           
   244  07EE                     __initialization:
   245                           
   246                           ; Initialize objects allocated to COMMON
   247  07EE  120A  118A  266D  120A  118A  	fcall	__pidataCOMMON	;fetch initializer
   248  07F3  00FB               	movwf	__pdataCOMMON& (0+127)
   249  07F4  120A  118A  266E  120A  118A  	fcall	__pidataCOMMON+1	;fetch initializer
   250  07F9  00FC               	movwf	(__pdataCOMMON+1)& (0+127)
   251                           
   252                           ; Clear objects allocated to COMMON
   253  07FA  01F9               	clrf	__pbssCOMMON& (0+127)
   254  07FB  01FA               	clrf	(__pbssCOMMON+1)& (0+127)
   255  07FC                     end_of_initialization:	
   256                           ;End of C runtime variable initialization code
   257                           
   258  07FC                     __end_of__initialization:
   259  07FC  0183               	clrf	3
   260  07FD  120A  118A  2F73   	ljmp	_main	;jump to C main() function
   261                           
   262                           	psect	bssCOMMON
   263  0079                     __pbssCOMMON:
   264  0079                     _C2:
   265  0079                     	ds	1
   266  007A                     _C1:
   267  007A                     	ds	1
   268                           
   269                           	psect	dataCOMMON
   270  007B                     __pdataCOMMON:
   271  007B                     _bandera:
   272  007B                     	ds	2
   273                           
   274                           	psect	cstackCOMMON
   275  0070                     __pcstackCOMMON:
   276  0070                     ?_semaforo:
   277  0070                     ??_semaforo:	
   278                           ; 1 bytes @ 0x0
   279                           
   280  0070                     ?_ledsJ1:	
   281                           ; 1 bytes @ 0x0
   282                           
   283  0070                     ??_ledsJ1:	
   284                           ; 1 bytes @ 0x0
   285                           
   286  0070                     ?_ledsJ2:	
   287                           ; 1 bytes @ 0x0
   288                           
   289  0070                     ??_ledsJ2:	
   290                           ; 1 bytes @ 0x0
   291                           
   292  0070                     ?_setup:	
   293                           ; 1 bytes @ 0x0
   294                           
   295  0070                     ??_setup:	
   296                           ; 1 bytes @ 0x0
   297                           
   298  0070                     ?_main:	
   299                           ; 1 bytes @ 0x0
   300                           
   301                           
   302                           ; 1 bytes @ 0x0
   303  0070                     	ds	3
   304  0073                     ledsJ1@C1:
   305  0073                     ledsJ2@C2:	
   306                           ; 1 bytes @ 0x3
   307                           
   308                           
   309                           ; 1 bytes @ 0x3
   310  0073                     	ds	1
   311  0074                     ??_main:
   312                           
   313                           ; 1 bytes @ 0x4
   314  0074                     	ds	3
   315                           
   316                           	psect	maintext
   317  0773                     __pmaintext:	
   318 ;;
   319 ;;Main: autosize = 0, tempsize = 3, incstack = 0, save=0
   320 ;;
   321 ;; *************** function _main *****************
   322 ;; Defined at:
   323 ;;		line 67 in file "main.c"
   324 ;; Parameters:    Size  Location     Type
   325 ;;		None
   326 ;; Auto vars:     Size  Location     Type
   327 ;;		None
   328 ;; Return value:  Size  Location     Type
   329 ;;                  1    wreg      void 
   330 ;; Registers used:
   331 ;;		wreg, fsr0l, fsr0h, status,2, status,0, pclath, cstack
   332 ;; Tracked objects:
   333 ;;		On entry : B00/0
   334 ;;		On exit  : 0/0
   335 ;;		Unchanged: 0/0
   336 ;; Data sizes:     COMMON   BANK0   BANK1   BANK3   BANK2
   337 ;;      Params:         0       0       0       0       0
   338 ;;      Locals:         0       0       0       0       0
   339 ;;      Temps:          3       0       0       0       0
   340 ;;      Totals:         3       0       0       0       0
   341 ;;Total ram usage:        3 bytes
   342 ;; Hardware stack levels required when called:    1
   343 ;; This function calls:
   344 ;;		_ledsJ1
   345 ;;		_ledsJ2
   346 ;;		_semaforo
   347 ;;		_setup
   348 ;; This function is called by:
   349 ;;		Startup code after reset
   350 ;; This function uses a non-reentrant model
   351 ;;
   352                           
   353                           
   354                           ;psect for function _main
   355  0773                     _main:
   356  0773                     l60:	
   357                           ;incstack = 0
   358                           ; Regs used in _main: [wreg-fsr0h+status,2+status,0+pclath+cstack]
   359                           ;main.c: 69:     while (1) {
   360                           
   361  0773                     l745:
   362                           
   363                           ;main.c: 70:         setup();
   364  0773  120A  118A  266F  120A  118A  	fcall	_setup
   365  0778                     l747:
   366                           
   367                           ;main.c: 72:         contadorJ1 = 0;
   368  0778  01F8               	clrf	_contadorJ1
   369  0779                     l749:
   370                           
   371                           ;main.c: 73:         contadorJ2 = 0;
   372  0779  01F7               	clrf	_contadorJ2
   373  077A                     l751:
   374                           
   375                           ;main.c: 74:         bandera = 1;
   376  077A  3001               	movlw	1
   377  077B  00FB               	movwf	_bandera
   378  077C  3000               	movlw	0
   379  077D  00FC               	movwf	_bandera+1
   380  077E                     l753:
   381                           
   382                           ;main.c: 75:         if (PORTBbits.RB0 == 0) {
   383  077E  1283               	bcf	3,5	;RP0=0, select bank0
   384  077F  1303               	bcf	3,6	;RP1=0, select bank0
   385  0780  1806               	btfsc	6,0	;volatile
   386  0781  2F83               	goto	u31
   387  0782  2F84               	goto	u30
   388  0783                     u31:
   389  0783  2F73               	goto	l60
   390  0784                     u30:
   391  0784                     l755:
   392                           
   393                           ;main.c: 76:             semaforo();
   394  0784  120A  118A  2684  120A  118A  	fcall	_semaforo
   395                           
   396                           ;main.c: 78:             while (bandera == 1) {
   397  0789  2FE4               	goto	l781
   398  078A                     l63:
   399                           
   400                           ;main.c: 79:                 if (PORTAbits.RA0 == 0) {
   401  078A  1283               	bcf	3,5	;RP0=0, select bank0
   402  078B  1303               	bcf	3,6	;RP1=0, select bank0
   403  078C  1805               	btfsc	5,0	;volatile
   404  078D  2F8F               	goto	u41
   405  078E  2F90               	goto	u40
   406  078F                     u41:
   407  078F  2FC0               	goto	l64
   408  0790                     u40:
   409  0790                     l757:
   410                           
   411                           ;main.c: 80:                     _delay((unsigned long)((50)*(8000000/4000.0)));
   412  0790  3082               	movlw	130
   413  0791  00F5               	movwf	??_main+1
   414  0792  30DD               	movlw	221
   415  0793  00F4               	movwf	??_main
   416  0794                     u117:
   417  0794  0BF4               	decfsz	??_main,f
   418  0795  2F94               	goto	u117
   419  0796  0BF5               	decfsz	??_main+1,f
   420  0797  2F94               	goto	u117
   421  0798  2F99               	nop2
   422  0799                     l759:
   423                           
   424                           ;main.c: 81:                     if (PORTAbits.RA0 == 1) {
   425  0799  1283               	bcf	3,5	;RP0=0, select bank0
   426  079A  1303               	bcf	3,6	;RP1=0, select bank0
   427  079B  1C05               	btfss	5,0	;volatile
   428  079C  2F9E               	goto	u51
   429  079D  2F9F               	goto	u50
   430  079E                     u51:
   431  079E  2FE4               	goto	l781
   432  079F                     u50:
   433  079F                     l761:
   434                           
   435                           ;main.c: 82:                         contadorJ1++;
   436  079F  3001               	movlw	1
   437  07A0  00F4               	movwf	??_main
   438  07A1  0874               	movf	??_main,w
   439  07A2  07F8               	addwf	_contadorJ1,f
   440  07A3                     l763:
   441                           
   442                           ;main.c: 83:                         ledsJ1(contadorJ1);
   443  07A3  0878               	movf	_contadorJ1,w
   444  07A4  120A  118A  26BB  120A  118A  	fcall	_ledsJ1
   445  07A9                     l765:
   446                           
   447                           ;main.c: 85:                         if (contadorJ1 == 8) {
   448  07A9  3008               	movlw	8
   449  07AA  0678               	xorwf	_contadorJ1,w
   450  07AB  1D03               	btfss	3,2
   451  07AC  2FAE               	goto	u61
   452  07AD  2FAF               	goto	u60
   453  07AE                     u61:
   454  07AE  2FE4               	goto	l67
   455  07AF                     u60:
   456  07AF                     l767:
   457                           
   458                           ;main.c: 86:                             _delay((unsigned long)((200)*(8000000/4000.0)))
      +                          ;
   459  07AF  3003               	movlw	3
   460  07B0  00F6               	movwf	??_main+2
   461  07B1  3008               	movlw	8
   462  07B2  00F5               	movwf	??_main+1
   463  07B3  3077               	movlw	119
   464  07B4  00F4               	movwf	??_main
   465  07B5                     u127:
   466  07B5  0BF4               	decfsz	??_main,f
   467  07B6  2FB5               	goto	u127
   468  07B7  0BF5               	decfsz	??_main+1,f
   469  07B8  2FB5               	goto	u127
   470  07B9  0BF6               	decfsz	??_main+2,f
   471  07BA  2FB5               	goto	u127
   472                           
   473                           ;main.c: 87:                             bandera = 2;
   474  07BB  3002               	movlw	2
   475  07BC  00FB               	movwf	_bandera
   476  07BD  3000               	movlw	0
   477  07BE  00FC               	movwf	_bandera+1
   478  07BF  2FE4               	goto	l781
   479  07C0                     l64:
   480  07C0  1885               	btfsc	5,1	;volatile
   481  07C1  2FC3               	goto	u71
   482  07C2  2FC4               	goto	u70
   483  07C3                     u71:
   484  07C3  2FE4               	goto	l781
   485  07C4                     u70:
   486  07C4                     l769:
   487                           
   488                           ;main.c: 91:                     _delay((unsigned long)((50)*(8000000/4000.0)));
   489  07C4  3082               	movlw	130
   490  07C5  00F5               	movwf	??_main+1
   491  07C6  30DD               	movlw	221
   492  07C7  00F4               	movwf	??_main
   493  07C8                     u137:
   494  07C8  0BF4               	decfsz	??_main,f
   495  07C9  2FC8               	goto	u137
   496  07CA  0BF5               	decfsz	??_main+1,f
   497  07CB  2FC8               	goto	u137
   498  07CC  2FCD               	nop2
   499  07CD                     l771:
   500                           
   501                           ;main.c: 92:                     if (PORTAbits.RA1 == 1) {
   502  07CD  1283               	bcf	3,5	;RP0=0, select bank0
   503  07CE  1303               	bcf	3,6	;RP1=0, select bank0
   504  07CF  1C85               	btfss	5,1	;volatile
   505  07D0  2FD2               	goto	u81
   506  07D1  2FD3               	goto	u80
   507  07D2                     u81:
   508  07D2  2FE4               	goto	l781
   509  07D3                     u80:
   510  07D3                     l773:
   511                           
   512                           ;main.c: 93:                         contadorJ2++;
   513  07D3  3001               	movlw	1
   514  07D4  00F4               	movwf	??_main
   515  07D5  0874               	movf	??_main,w
   516  07D6  07F7               	addwf	_contadorJ2,f
   517  07D7                     l775:
   518                           
   519                           ;main.c: 94:                         ledsJ2(contadorJ2);
   520  07D7  0877               	movf	_contadorJ2,w
   521  07D8  120A  118A  2717  120A  118A  	fcall	_ledsJ2
   522  07DD                     l777:
   523                           
   524                           ;main.c: 96:                         if (contadorJ2 == 8) {
   525  07DD  3008               	movlw	8
   526  07DE  0677               	xorwf	_contadorJ2,w
   527  07DF  1D03               	btfss	3,2
   528  07E0  2FE2               	goto	u91
   529  07E1  2FE3               	goto	u90
   530  07E2                     u91:
   531  07E2  2FE4               	goto	l781
   532  07E3                     u90:
   533  07E3  2FAF               	goto	l767
   534  07E4                     l67:
   535  07E4                     l781:
   536                           
   537                           ;main.c: 78:             while (bandera == 1) {
   538  07E4  037B               	decf	_bandera,w
   539  07E5  047C               	iorwf	_bandera+1,w
   540  07E6  1903               	btfsc	3,2
   541  07E7  2FE9               	goto	u101
   542  07E8  2FEA               	goto	u100
   543  07E9                     u101:
   544  07E9  2F8A               	goto	l63
   545  07EA                     u100:
   546  07EA  2F73               	goto	l60
   547  07EB  120A  118A  2800   	ljmp	start
   548  07EE                     __end_of_main:
   549                           
   550                           	psect	text1
   551  066F                     __ptext1:	
   552 ;; *************** function _setup *****************
   553 ;; Defined at:
   554 ;;		line 52 in file "main.c"
   555 ;; Parameters:    Size  Location     Type
   556 ;;		None
   557 ;; Auto vars:     Size  Location     Type
   558 ;;		None
   559 ;; Return value:  Size  Location     Type
   560 ;;                  1    wreg      void 
   561 ;; Registers used:
   562 ;;		wreg, status,2
   563 ;; Tracked objects:
   564 ;;		On entry : 0/0
   565 ;;		On exit  : 0/0
   566 ;;		Unchanged: 0/0
   567 ;; Data sizes:     COMMON   BANK0   BANK1   BANK3   BANK2
   568 ;;      Params:         0       0       0       0       0
   569 ;;      Locals:         0       0       0       0       0
   570 ;;      Temps:          0       0       0       0       0
   571 ;;      Totals:         0       0       0       0       0
   572 ;;Total ram usage:        0 bytes
   573 ;; Hardware stack levels used:    1
   574 ;; This function calls:
   575 ;;		Nothing
   576 ;; This function is called by:
   577 ;;		_main
   578 ;; This function uses a non-reentrant model
   579 ;;
   580                           
   581                           
   582                           ;psect for function _setup
   583  066F                     _setup:
   584  066F                     l695:	
   585                           ;incstack = 0
   586                           ; Regs used in _setup: [wreg+status,2]
   587                           
   588                           
   589                           ;main.c: 53:     ANSEL = 0;
   590  066F  1683               	bsf	3,5	;RP0=1, select bank3
   591  0670  1703               	bsf	3,6	;RP1=1, select bank3
   592  0671  0188               	clrf	8	;volatile
   593                           
   594                           ;main.c: 54:     ANSELH = 0;
   595  0672  0189               	clrf	9	;volatile
   596                           
   597                           ;main.c: 55:     TRISE = 0;
   598  0673  1683               	bsf	3,5	;RP0=1, select bank1
   599  0674  1303               	bcf	3,6	;RP1=0, select bank1
   600  0675  0189               	clrf	9	;volatile
   601                           
   602                           ;main.c: 56:     TRISC = 0;
   603  0676  0187               	clrf	7	;volatile
   604                           
   605                           ;main.c: 57:     TRISD = 0;
   606  0677  0188               	clrf	8	;volatile
   607  0678                     l697:
   608                           
   609                           ;main.c: 58:     TRISB = 0b00000001;
   610  0678  3001               	movlw	1
   611  0679  0086               	movwf	6	;volatile
   612  067A                     l699:
   613                           
   614                           ;main.c: 59:     TRISA = 0b00000011;
   615  067A  3003               	movlw	3
   616  067B  0085               	movwf	5	;volatile
   617                           
   618                           ;main.c: 61:     PORTE = 0;
   619  067C  1283               	bcf	3,5	;RP0=0, select bank0
   620  067D  1303               	bcf	3,6	;RP1=0, select bank0
   621  067E  0189               	clrf	9	;volatile
   622                           
   623                           ;main.c: 62:     PORTC = 0;
   624  067F  0187               	clrf	7	;volatile
   625                           
   626                           ;main.c: 63:     PORTD = 0;
   627  0680  0188               	clrf	8	;volatile
   628                           
   629                           ;main.c: 64:     PORTB = 0;
   630  0681  0186               	clrf	6	;volatile
   631                           
   632                           ;main.c: 65:     PORTA = 0;
   633  0682  0185               	clrf	5	;volatile
   634  0683                     l55:
   635  0683  0008               	return
   636  0684                     __end_of_setup:
   637                           
   638                           	psect	text2
   639  0684                     __ptext2:	
   640 ;; *************** function _semaforo *****************
   641 ;; Defined at:
   642 ;;		line 116 in file "main.c"
   643 ;; Parameters:    Size  Location     Type
   644 ;;		None
   645 ;; Auto vars:     Size  Location     Type
   646 ;;		None
   647 ;; Return value:  Size  Location     Type
   648 ;;                  1    wreg      void 
   649 ;; Registers used:
   650 ;;		wreg
   651 ;; Tracked objects:
   652 ;;		On entry : 0/0
   653 ;;		On exit  : 0/0
   654 ;;		Unchanged: 0/0
   655 ;; Data sizes:     COMMON   BANK0   BANK1   BANK3   BANK2
   656 ;;      Params:         0       0       0       0       0
   657 ;;      Locals:         0       0       0       0       0
   658 ;;      Temps:          3       0       0       0       0
   659 ;;      Totals:         3       0       0       0       0
   660 ;;Total ram usage:        3 bytes
   661 ;; Hardware stack levels used:    1
   662 ;; This function calls:
   663 ;;		Nothing
   664 ;; This function is called by:
   665 ;;		_main
   666 ;; This function uses a non-reentrant model
   667 ;;
   668                           
   669                           
   670                           ;psect for function _semaforo
   671  0684                     _semaforo:
   672  0684                     l701:	
   673                           ;incstack = 0
   674                           ; Regs used in _semaforo: [wreg]
   675                           
   676                           
   677                           ;main.c: 117:     PORTEbits.RE0 = 1;
   678  0684  1283               	bcf	3,5	;RP0=0, select bank0
   679  0685  1303               	bcf	3,6	;RP1=0, select bank0
   680  0686  1409               	bsf	9,0	;volatile
   681                           
   682                           ;main.c: 118:     PORTEbits.RE1 = 0;
   683  0687  1089               	bcf	9,1	;volatile
   684                           
   685                           ;main.c: 119:     PORTEbits.RE2 = 0;
   686  0688  1109               	bcf	9,2	;volatile
   687  0689                     l703:
   688                           
   689                           ;main.c: 120:     _delay((unsigned long)((500)*(8000000/4000.0)));
   690  0689  3006               	movlw	6
   691  068A  00F2               	movwf	??_semaforo+2
   692  068B  3013               	movlw	19
   693  068C  00F1               	movwf	??_semaforo+1
   694  068D  30AD               	movlw	173
   695  068E  00F0               	movwf	??_semaforo
   696  068F                     u147:
   697  068F  0BF0               	decfsz	??_semaforo,f
   698  0690  2E8F               	goto	u147
   699  0691  0BF1               	decfsz	??_semaforo+1,f
   700  0692  2E8F               	goto	u147
   701  0693  0BF2               	decfsz	??_semaforo+2,f
   702  0694  2E8F               	goto	u147
   703  0695  2E96               	nop2
   704  0696                     l705:
   705                           
   706                           ;main.c: 122:     PORTEbits.RE0 = 0;
   707  0696  1283               	bcf	3,5	;RP0=0, select bank0
   708  0697  1303               	bcf	3,6	;RP1=0, select bank0
   709  0698  1009               	bcf	9,0	;volatile
   710  0699                     l707:
   711                           
   712                           ;main.c: 123:     PORTEbits.RE1 = 1;
   713  0699  1489               	bsf	9,1	;volatile
   714  069A                     l709:
   715                           
   716                           ;main.c: 124:     PORTEbits.RE2 = 0;
   717  069A  1109               	bcf	9,2	;volatile
   718                           
   719                           ;main.c: 125:     _delay((unsigned long)((500)*(8000000/4000.0)));
   720  069B  3006               	movlw	6
   721  069C  00F2               	movwf	??_semaforo+2
   722  069D  3013               	movlw	19
   723  069E  00F1               	movwf	??_semaforo+1
   724  069F  30AD               	movlw	173
   725  06A0  00F0               	movwf	??_semaforo
   726  06A1                     u157:
   727  06A1  0BF0               	decfsz	??_semaforo,f
   728  06A2  2EA1               	goto	u157
   729  06A3  0BF1               	decfsz	??_semaforo+1,f
   730  06A4  2EA1               	goto	u157
   731  06A5  0BF2               	decfsz	??_semaforo+2,f
   732  06A6  2EA1               	goto	u157
   733  06A7  2EA8               	nop2
   734  06A8                     l711:
   735                           
   736                           ;main.c: 127:     PORTEbits.RE0 = 0;
   737  06A8  1283               	bcf	3,5	;RP0=0, select bank0
   738  06A9  1303               	bcf	3,6	;RP1=0, select bank0
   739  06AA  1009               	bcf	9,0	;volatile
   740  06AB                     l713:
   741                           
   742                           ;main.c: 128:     PORTEbits.RE1 = 0;
   743  06AB  1089               	bcf	9,1	;volatile
   744  06AC                     l715:
   745                           
   746                           ;main.c: 129:     PORTEbits.RE2 = 1;
   747  06AC  1509               	bsf	9,2	;volatile
   748                           
   749                           ;main.c: 130:     _delay((unsigned long)((500)*(8000000/4000.0)));
   750  06AD  3006               	movlw	6
   751  06AE  00F2               	movwf	??_semaforo+2
   752  06AF  3013               	movlw	19
   753  06B0  00F1               	movwf	??_semaforo+1
   754  06B1  30AD               	movlw	173
   755  06B2  00F0               	movwf	??_semaforo
   756  06B3                     u167:
   757  06B3  0BF0               	decfsz	??_semaforo,f
   758  06B4  2EB3               	goto	u167
   759  06B5  0BF1               	decfsz	??_semaforo+1,f
   760  06B6  2EB3               	goto	u167
   761  06B7  0BF2               	decfsz	??_semaforo+2,f
   762  06B8  2EB3               	goto	u167
   763  06B9  2EBA               	nop2
   764  06BA                     l77:
   765  06BA  0008               	return
   766  06BB                     __end_of_semaforo:
   767                           
   768                           	psect	text3
   769  0717                     __ptext3:	
   770 ;; *************** function _ledsJ2 *****************
   771 ;; Defined at:
   772 ;;		line 176 in file "main.c"
   773 ;; Parameters:    Size  Location     Type
   774 ;;  C2              1    wreg     unsigned char 
   775 ;; Auto vars:     Size  Location     Type
   776 ;;  C2              1    3[COMMON] unsigned char 
   777 ;; Return value:  Size  Location     Type
   778 ;;                  1    wreg      void 
   779 ;; Registers used:
   780 ;;		wreg, fsr0l, fsr0h, status,2, status,0
   781 ;; Tracked objects:
   782 ;;		On entry : 0/0
   783 ;;		On exit  : 0/0
   784 ;;		Unchanged: 0/0
   785 ;; Data sizes:     COMMON   BANK0   BANK1   BANK3   BANK2
   786 ;;      Params:         0       0       0       0       0
   787 ;;      Locals:         1       0       0       0       0
   788 ;;      Temps:          3       0       0       0       0
   789 ;;      Totals:         4       0       0       0       0
   790 ;;Total ram usage:        4 bytes
   791 ;; Hardware stack levels used:    1
   792 ;; This function calls:
   793 ;;		Nothing
   794 ;; This function is called by:
   795 ;;		_main
   796 ;; This function uses a non-reentrant model
   797 ;;
   798                           
   799                           
   800                           ;psect for function _ledsJ2
   801  0717                     _ledsJ2:
   802                           
   803                           ;incstack = 0
   804                           ; Regs used in _ledsJ2: [wreg-fsr0h+status,2+status,0]
   805                           ;ledsJ2@C2 stored from wreg
   806  0717  00F3               	movwf	ledsJ2@C2
   807  0718                     l731:
   808                           
   809                           ;main.c: 177:     if (C2 == 8) {
   810  0718  3008               	movlw	8
   811  0719  0673               	xorwf	ledsJ2@C2,w
   812  071A  1D03               	btfss	3,2
   813  071B  2F1D               	goto	u21
   814  071C  2F1E               	goto	u20
   815  071D                     u21:
   816  071D  2F53               	goto	l739
   817  071E                     u20:
   818  071E                     l733:
   819                           
   820                           ;main.c: 178:         PORTBbits.RB3 = 1;
   821  071E  1283               	bcf	3,5	;RP0=0, select bank0
   822  071F  1303               	bcf	3,6	;RP1=0, select bank0
   823  0720  1586               	bsf	6,3	;volatile
   824  0721                     l735:
   825                           
   826                           ;main.c: 179:         PORTD = 0b10000000;
   827  0721  3080               	movlw	128
   828  0722  0088               	movwf	8	;volatile
   829                           
   830                           ;main.c: 180:         _delay((unsigned long)((500)*(8000000/4000.0)));
   831  0723  3006               	movlw	6
   832  0724  00F2               	movwf	??_ledsJ2+2
   833  0725  3013               	movlw	19
   834  0726  00F1               	movwf	??_ledsJ2+1
   835  0727  30AD               	movlw	173
   836  0728  00F0               	movwf	??_ledsJ2
   837  0729                     u177:
   838  0729  0BF0               	decfsz	??_ledsJ2,f
   839  072A  2F29               	goto	u177
   840  072B  0BF1               	decfsz	??_ledsJ2+1,f
   841  072C  2F29               	goto	u177
   842  072D  0BF2               	decfsz	??_ledsJ2+2,f
   843  072E  2F29               	goto	u177
   844  072F  2F30               	nop2
   845  0730  2F53               	goto	l739
   846  0731                     l95:	
   847                           ;main.c: 185:         case 1:
   848                           
   849                           
   850                           ;main.c: 186:             PORTDbits.RD0 = 1;
   851  0731  1283               	bcf	3,5	;RP0=0, select bank0
   852  0732  1303               	bcf	3,6	;RP1=0, select bank0
   853  0733  1408               	bsf	8,0	;volatile
   854                           
   855                           ;main.c: 187:             break;
   856  0734  2F72               	goto	l103
   857  0735                     l97:	
   858                           ;main.c: 188:         case 2:
   859                           
   860                           
   861                           ;main.c: 189:             PORTDbits.RD0 = 0;
   862  0735  1283               	bcf	3,5	;RP0=0, select bank0
   863  0736  1303               	bcf	3,6	;RP1=0, select bank0
   864  0737  1008               	bcf	8,0	;volatile
   865                           
   866                           ;main.c: 190:             PORTDbits.RD1 = 1;
   867  0738  1488               	bsf	8,1	;volatile
   868                           
   869                           ;main.c: 191:             break;
   870  0739  2F72               	goto	l103
   871  073A                     l98:	
   872                           ;main.c: 192:         case 3:
   873                           
   874                           
   875                           ;main.c: 193:             PORTDbits.RD1 = 0;
   876  073A  1283               	bcf	3,5	;RP0=0, select bank0
   877  073B  1303               	bcf	3,6	;RP1=0, select bank0
   878  073C  1088               	bcf	8,1	;volatile
   879                           
   880                           ;main.c: 194:             PORTDbits.RD2 = 1;
   881  073D  1508               	bsf	8,2	;volatile
   882                           
   883                           ;main.c: 195:             break;
   884  073E  2F72               	goto	l103
   885  073F                     l99:	
   886                           ;main.c: 196:         case 4:
   887                           
   888                           
   889                           ;main.c: 197:             PORTDbits.RD2 = 0;
   890  073F  1283               	bcf	3,5	;RP0=0, select bank0
   891  0740  1303               	bcf	3,6	;RP1=0, select bank0
   892  0741  1108               	bcf	8,2	;volatile
   893                           
   894                           ;main.c: 198:             PORTDbits.RD3 = 1;
   895  0742  1588               	bsf	8,3	;volatile
   896                           
   897                           ;main.c: 199:             break;
   898  0743  2F72               	goto	l103
   899  0744                     l100:	
   900                           ;main.c: 200:         case 5:
   901                           
   902                           
   903                           ;main.c: 201:             PORTDbits.RD3 = 0;
   904  0744  1283               	bcf	3,5	;RP0=0, select bank0
   905  0745  1303               	bcf	3,6	;RP1=0, select bank0
   906  0746  1188               	bcf	8,3	;volatile
   907                           
   908                           ;main.c: 202:             PORTDbits.RD4 = 1;
   909  0747  1608               	bsf	8,4	;volatile
   910                           
   911                           ;main.c: 203:             break;
   912  0748  2F72               	goto	l103
   913  0749                     l101:	
   914                           ;main.c: 204:         case 6:
   915                           
   916                           
   917                           ;main.c: 205:             PORTDbits.RD4 = 0;
   918  0749  1283               	bcf	3,5	;RP0=0, select bank0
   919  074A  1303               	bcf	3,6	;RP1=0, select bank0
   920  074B  1208               	bcf	8,4	;volatile
   921                           
   922                           ;main.c: 206:             PORTDbits.RD5 = 1;
   923  074C  1688               	bsf	8,5	;volatile
   924                           
   925                           ;main.c: 207:             break;
   926  074D  2F72               	goto	l103
   927  074E                     l102:	
   928                           ;main.c: 208:         case 7:
   929                           
   930                           
   931                           ;main.c: 209:             PORTDbits.RD5 = 0;
   932  074E  1283               	bcf	3,5	;RP0=0, select bank0
   933  074F  1303               	bcf	3,6	;RP1=0, select bank0
   934  0750  1288               	bcf	8,5	;volatile
   935                           
   936                           ;main.c: 210:             PORTDbits.RD6 = 1;
   937  0751  1708               	bsf	8,6	;volatile
   938                           
   939                           ;main.c: 211:             break;
   940  0752  2F72               	goto	l103
   941  0753                     l739:
   942  0753  0873               	movf	ledsJ2@C2,w
   943  0754  00F0               	movwf	??_ledsJ2
   944  0755  01F1               	clrf	??_ledsJ2+1
   945                           
   946                           ; Switch on 2 bytes has been partitioned into a top level switch of size 1, and 1 sub-sw
      +                          itches
   947                           ; Switch size 1, requested type "simple"
   948                           ; Number of cases is 1, Range of values is 0 to 0
   949                           ; switch strategies available:
   950                           ; Name         Instructions Cycles
   951                           ; simple_byte            4     3 (average)
   952                           ; direct_byte           11     8 (fixed)
   953                           ; jumptable            260     6 (fixed)
   954                           ;	Chosen strategy is simple_byte
   955  0756  0871               	movf	??_ledsJ2+1,w
   956  0757  3A00               	xorlw	0	; case 0
   957  0758  1903               	skipnz
   958  0759  2F5B               	goto	l823
   959  075A  2F72               	goto	l103
   960  075B                     l823:
   961                           
   962                           ; Switch size 1, requested type "simple"
   963                           ; Number of cases is 7, Range of values is 1 to 7
   964                           ; switch strategies available:
   965                           ; Name         Instructions Cycles
   966                           ; simple_byte           22    12 (average)
   967                           ; direct_byte           32    11 (fixed)
   968                           ; jumptable            263     9 (fixed)
   969                           ;	Chosen strategy is simple_byte
   970  075B  0870               	movf	??_ledsJ2,w
   971  075C  3A01               	xorlw	1	; case 1
   972  075D  1903               	skipnz
   973  075E  2F31               	goto	l95
   974  075F  3A03               	xorlw	3	; case 2
   975  0760  1903               	skipnz
   976  0761  2F35               	goto	l97
   977  0762  3A01               	xorlw	1	; case 3
   978  0763  1903               	skipnz
   979  0764  2F3A               	goto	l98
   980  0765  3A07               	xorlw	7	; case 4
   981  0766  1903               	skipnz
   982  0767  2F3F               	goto	l99
   983  0768  3A01               	xorlw	1	; case 5
   984  0769  1903               	skipnz
   985  076A  2F44               	goto	l100
   986  076B  3A03               	xorlw	3	; case 6
   987  076C  1903               	skipnz
   988  076D  2F49               	goto	l101
   989  076E  3A01               	xorlw	1	; case 7
   990  076F  1903               	skipnz
   991  0770  2F4E               	goto	l102
   992  0771  2F72               	goto	l103
   993  0772                     l103:
   994  0772  0008               	return
   995  0773                     __end_of_ledsJ2:
   996                           
   997                           	psect	text4
   998  06BB                     __ptext4:	
   999 ;; *************** function _ledsJ1 *****************
  1000 ;; Defined at:
  1001 ;;		line 135 in file "main.c"
  1002 ;; Parameters:    Size  Location     Type
  1003 ;;  C1              1    wreg     unsigned char 
  1004 ;; Auto vars:     Size  Location     Type
  1005 ;;  C1              1    3[COMMON] unsigned char 
  1006 ;; Return value:  Size  Location     Type
  1007 ;;                  1    wreg      void 
  1008 ;; Registers used:
  1009 ;;		wreg, fsr0l, fsr0h, status,2, status,0
  1010 ;; Tracked objects:
  1011 ;;		On entry : 0/0
  1012 ;;		On exit  : 0/0
  1013 ;;		Unchanged: 0/0
  1014 ;; Data sizes:     COMMON   BANK0   BANK1   BANK3   BANK2
  1015 ;;      Params:         0       0       0       0       0
  1016 ;;      Locals:         1       0       0       0       0
  1017 ;;      Temps:          3       0       0       0       0
  1018 ;;      Totals:         4       0       0       0       0
  1019 ;;Total ram usage:        4 bytes
  1020 ;; Hardware stack levels used:    1
  1021 ;; This function calls:
  1022 ;;		Nothing
  1023 ;; This function is called by:
  1024 ;;		_main
  1025 ;; This function uses a non-reentrant model
  1026 ;;
  1027                           
  1028                           
  1029                           ;psect for function _ledsJ1
  1030  06BB                     _ledsJ1:
  1031                           
  1032                           ;incstack = 0
  1033                           ; Regs used in _ledsJ1: [wreg-fsr0h+status,2+status,0]
  1034                           ;ledsJ1@C1 stored from wreg
  1035  06BB  00F3               	movwf	ledsJ1@C1
  1036  06BC                     l717:
  1037                           
  1038                           ;main.c: 136:     if (C1 == 8) {
  1039  06BC  3008               	movlw	8
  1040  06BD  0673               	xorwf	ledsJ1@C1,w
  1041  06BE  1D03               	btfss	3,2
  1042  06BF  2EC1               	goto	u11
  1043  06C0  2EC2               	goto	u10
  1044  06C1                     u11:
  1045  06C1  2EF7               	goto	l725
  1046  06C2                     u10:
  1047  06C2                     l719:
  1048                           
  1049                           ;main.c: 137:         PORTBbits.RB2 = 1;
  1050  06C2  1283               	bcf	3,5	;RP0=0, select bank0
  1051  06C3  1303               	bcf	3,6	;RP1=0, select bank0
  1052  06C4  1506               	bsf	6,2	;volatile
  1053  06C5                     l721:
  1054                           
  1055                           ;main.c: 138:         PORTC = 0b10000000;
  1056  06C5  3080               	movlw	128
  1057  06C6  0087               	movwf	7	;volatile
  1058                           
  1059                           ;main.c: 139:         _delay((unsigned long)((500)*(8000000/4000.0)));
  1060  06C7  3006               	movlw	6
  1061  06C8  00F2               	movwf	??_ledsJ1+2
  1062  06C9  3013               	movlw	19
  1063  06CA  00F1               	movwf	??_ledsJ1+1
  1064  06CB  30AD               	movlw	173
  1065  06CC  00F0               	movwf	??_ledsJ1
  1066  06CD                     u187:
  1067  06CD  0BF0               	decfsz	??_ledsJ1,f
  1068  06CE  2ECD               	goto	u187
  1069  06CF  0BF1               	decfsz	??_ledsJ1+1,f
  1070  06D0  2ECD               	goto	u187
  1071  06D1  0BF2               	decfsz	??_ledsJ1+2,f
  1072  06D2  2ECD               	goto	u187
  1073  06D3  2ED4               	nop2
  1074  06D4  2EF7               	goto	l725
  1075  06D5                     l82:	
  1076                           ;main.c: 144:             case 1:
  1077                           
  1078                           
  1079                           ;main.c: 145:                 PORTCbits.RC0 = 1;
  1080  06D5  1283               	bcf	3,5	;RP0=0, select bank0
  1081  06D6  1303               	bcf	3,6	;RP1=0, select bank0
  1082  06D7  1407               	bsf	7,0	;volatile
  1083                           
  1084                           ;main.c: 146:                 break;
  1085  06D8  2F16               	goto	l90
  1086  06D9                     l84:	
  1087                           ;main.c: 147:             case 2:
  1088                           
  1089                           
  1090                           ;main.c: 148:                 PORTCbits.RC0 = 0;
  1091  06D9  1283               	bcf	3,5	;RP0=0, select bank0
  1092  06DA  1303               	bcf	3,6	;RP1=0, select bank0
  1093  06DB  1007               	bcf	7,0	;volatile
  1094                           
  1095                           ;main.c: 149:                 PORTCbits.RC1 = 1;
  1096  06DC  1487               	bsf	7,1	;volatile
  1097                           
  1098                           ;main.c: 150:                 break;
  1099  06DD  2F16               	goto	l90
  1100  06DE                     l85:	
  1101                           ;main.c: 151:             case 3:
  1102                           
  1103                           
  1104                           ;main.c: 152:                 PORTCbits.RC1 = 0;
  1105  06DE  1283               	bcf	3,5	;RP0=0, select bank0
  1106  06DF  1303               	bcf	3,6	;RP1=0, select bank0
  1107  06E0  1087               	bcf	7,1	;volatile
  1108                           
  1109                           ;main.c: 153:                 PORTCbits.RC2 = 1;
  1110  06E1  1507               	bsf	7,2	;volatile
  1111                           
  1112                           ;main.c: 154:                 break;
  1113  06E2  2F16               	goto	l90
  1114  06E3                     l86:	
  1115                           ;main.c: 155:             case 4:
  1116                           
  1117                           
  1118                           ;main.c: 156:                 PORTCbits.RC2 = 0;
  1119  06E3  1283               	bcf	3,5	;RP0=0, select bank0
  1120  06E4  1303               	bcf	3,6	;RP1=0, select bank0
  1121  06E5  1107               	bcf	7,2	;volatile
  1122                           
  1123                           ;main.c: 157:                 PORTCbits.RC3 = 1;
  1124  06E6  1587               	bsf	7,3	;volatile
  1125                           
  1126                           ;main.c: 158:                 break;
  1127  06E7  2F16               	goto	l90
  1128  06E8                     l87:	
  1129                           ;main.c: 159:             case 5:
  1130                           
  1131                           
  1132                           ;main.c: 160:                 PORTCbits.RC3 = 0;
  1133  06E8  1283               	bcf	3,5	;RP0=0, select bank0
  1134  06E9  1303               	bcf	3,6	;RP1=0, select bank0
  1135  06EA  1187               	bcf	7,3	;volatile
  1136                           
  1137                           ;main.c: 161:                 PORTCbits.RC4 = 1;
  1138  06EB  1607               	bsf	7,4	;volatile
  1139                           
  1140                           ;main.c: 162:                 break;
  1141  06EC  2F16               	goto	l90
  1142  06ED                     l88:	
  1143                           ;main.c: 163:             case 6:
  1144                           
  1145                           
  1146                           ;main.c: 164:                 PORTCbits.RC4 = 0;
  1147  06ED  1283               	bcf	3,5	;RP0=0, select bank0
  1148  06EE  1303               	bcf	3,6	;RP1=0, select bank0
  1149  06EF  1207               	bcf	7,4	;volatile
  1150                           
  1151                           ;main.c: 165:                 PORTCbits.RC5 = 1;
  1152  06F0  1687               	bsf	7,5	;volatile
  1153                           
  1154                           ;main.c: 166:                 break;
  1155  06F1  2F16               	goto	l90
  1156  06F2                     l89:	
  1157                           ;main.c: 167:             case 7:
  1158                           
  1159                           
  1160                           ;main.c: 168:                 PORTCbits.RC5 = 0;
  1161  06F2  1283               	bcf	3,5	;RP0=0, select bank0
  1162  06F3  1303               	bcf	3,6	;RP1=0, select bank0
  1163  06F4  1287               	bcf	7,5	;volatile
  1164                           
  1165                           ;main.c: 169:                 PORTCbits.RC6 = 1;
  1166  06F5  1707               	bsf	7,6	;volatile
  1167                           
  1168                           ;main.c: 170:                 break;
  1169  06F6  2F16               	goto	l90
  1170  06F7                     l725:
  1171  06F7  0873               	movf	ledsJ1@C1,w
  1172  06F8  00F0               	movwf	??_ledsJ1
  1173  06F9  01F1               	clrf	??_ledsJ1+1
  1174                           
  1175                           ; Switch on 2 bytes has been partitioned into a top level switch of size 1, and 1 sub-sw
      +                          itches
  1176                           ; Switch size 1, requested type "simple"
  1177                           ; Number of cases is 1, Range of values is 0 to 0
  1178                           ; switch strategies available:
  1179                           ; Name         Instructions Cycles
  1180                           ; simple_byte            4     3 (average)
  1181                           ; direct_byte           11     8 (fixed)
  1182                           ; jumptable            260     6 (fixed)
  1183                           ;	Chosen strategy is simple_byte
  1184  06FA  0871               	movf	??_ledsJ1+1,w
  1185  06FB  3A00               	xorlw	0	; case 0
  1186  06FC  1903               	skipnz
  1187  06FD  2EFF               	goto	l825
  1188  06FE  2F16               	goto	l90
  1189  06FF                     l825:
  1190                           
  1191                           ; Switch size 1, requested type "simple"
  1192                           ; Number of cases is 7, Range of values is 1 to 7
  1193                           ; switch strategies available:
  1194                           ; Name         Instructions Cycles
  1195                           ; simple_byte           22    12 (average)
  1196                           ; direct_byte           32    11 (fixed)
  1197                           ; jumptable            263     9 (fixed)
  1198                           ;	Chosen strategy is simple_byte
  1199  06FF  0870               	movf	??_ledsJ1,w
  1200  0700  3A01               	xorlw	1	; case 1
  1201  0701  1903               	skipnz
  1202  0702  2ED5               	goto	l82
  1203  0703  3A03               	xorlw	3	; case 2
  1204  0704  1903               	skipnz
  1205  0705  2ED9               	goto	l84
  1206  0706  3A01               	xorlw	1	; case 3
  1207  0707  1903               	skipnz
  1208  0708  2EDE               	goto	l85
  1209  0709  3A07               	xorlw	7	; case 4
  1210  070A  1903               	skipnz
  1211  070B  2EE3               	goto	l86
  1212  070C  3A01               	xorlw	1	; case 5
  1213  070D  1903               	skipnz
  1214  070E  2EE8               	goto	l87
  1215  070F  3A03               	xorlw	3	; case 6
  1216  0710  1903               	skipnz
  1217  0711  2EED               	goto	l88
  1218  0712  3A01               	xorlw	1	; case 7
  1219  0713  1903               	skipnz
  1220  0714  2EF2               	goto	l89
  1221  0715  2F16               	goto	l90
  1222  0716                     l90:
  1223  0716  0008               	return
  1224  0717                     __end_of_ledsJ1:
  1225  007E                     btemp	set	126	;btemp
  1226  007E                     wtemp0	set	126
  1227                           
  1228                           	psect	config
  1229                           
  1230                           ;Config register CONFIG1 @ 0x2007
  1231                           ;	Oscillator Selection bits
  1232                           ;	FOSC = XT, XT oscillator: Crystal/resonator on RA6/OSC2/CLKOUT and RA7/OSC1/CLKIN
  1233                           ;	Watchdog Timer Enable bit
  1234                           ;	WDTE = OFF, WDT disabled and can be enabled by SWDTEN bit of the WDTCON register
  1235                           ;	Power-up Timer Enable bit
  1236                           ;	PWRTE = OFF, PWRT disabled
  1237                           ;	RE3/MCLR pin function select bit
  1238                           ;	MCLRE = OFF, RE3/MCLR pin function is digital input, MCLR internally tied to VDD
  1239                           ;	Code Protection bit
  1240                           ;	CP = OFF, Program memory code protection is disabled
  1241                           ;	Data Code Protection bit
  1242                           ;	CPD = OFF, Data memory code protection is disabled
  1243                           ;	Brown Out Reset Selection bits
  1244                           ;	BOREN = OFF, BOR disabled
  1245                           ;	Internal External Switchover bit
  1246                           ;	IESO = OFF, Internal/External Switchover mode is disabled
  1247                           ;	Fail-Safe Clock Monitor Enabled bit
  1248                           ;	FCMEN = OFF, Fail-Safe Clock Monitor is disabled
  1249                           ;	Low Voltage Programming Enable bit
  1250                           ;	LVP = OFF, RB3 pin has digital I/O, HV on MCLR must be used for programming
  1251                           ;	In-Circuit Debugger Mode bit
  1252                           ;	DEBUG = 0x1, unprogrammed default
  1253  2007                     	org	8199
  1254  2007  20D1               	dw	8401
  1255                           
  1256                           ;Config register CONFIG2 @ 0x2008
  1257                           ;	Brown-out Reset Selection bit
  1258                           ;	BOR4V = BOR40V, Brown-out Reset set to 4.0V
  1259                           ;	Flash Program Memory Self Write Enable bits
  1260                           ;	WRT = OFF, Write protection off
  1261  2008                     	org	8200
  1262  2008  3FFF               	dw	16383

Data Sizes:
    Strings     0
    Constant    0
    Data        2
    BSS         2
    Persistent  2
    Stack       0

Auto Spaces:
    Space          Size  Autos    Used
    COMMON           14      7      13
    BANK0            80      0       0
    BANK1            80      0       0
    BANK3            96      0       0
    BANK2            96      0       0

Pointer List with Targets:

    None.

Critical Paths under _main in COMMON

    _main->_ledsJ1
    _main->_ledsJ2

Critical Paths under _main in BANK0

    None.

Critical Paths under _main in BANK1

    None.

Critical Paths under _main in BANK3

    None.

Critical Paths under _main in BANK2

    None.

Call Graph Tables:

 ---------------------------------------------------------------------------------
 (Depth) Function   	        Calls       Base Space   Used Autos Params    Refs
 ---------------------------------------------------------------------------------
 (0) _main                                                 3     3      0      60
                                              4 COMMON     3     3      0
                             _ledsJ1
                             _ledsJ2
                           _semaforo
                              _setup
 ---------------------------------------------------------------------------------
 (1) _setup                                                0     0      0       0
 ---------------------------------------------------------------------------------
 (1) _semaforo                                             3     3      0       0
                                              0 COMMON     3     3      0
 ---------------------------------------------------------------------------------
 (1) _ledsJ2                                               4     4      0      30
                                              0 COMMON     4     4      0
 ---------------------------------------------------------------------------------
 (1) _ledsJ1                                               4     4      0      30
                                              0 COMMON     4     4      0
 ---------------------------------------------------------------------------------
 Estimated maximum stack depth 1
 ---------------------------------------------------------------------------------

 Call Graph Graphs:

 _main (ROOT)
   _ledsJ1
   _ledsJ2
   _semaforo
   _setup

 Address spaces:
Name               Size   Autos  Total    Cost      Usage
BANK3               60      0       0       9        0.0%
BITBANK3            60      0       0       8        0.0%
SFR3                 0      0       0       4        0.0%
BITSFR3              0      0       0       4        0.0%
BANK2               60      0       0      11        0.0%
BITBANK2            60      0       0      10        0.0%
SFR2                 0      0       0       5        0.0%
BITSFR2              0      0       0       5        0.0%
BANK1               50      0       0       7        0.0%
BITBANK1            50      0       0       6        0.0%
SFR1                 0      0       0       2        0.0%
BITSFR1              0      0       0       2        0.0%
BANK0               50      0       0       5        0.0%
BITBANK0            50      0       0       4        0.0%
SFR0                 0      0       0       1        0.0%
BITSFR0              0      0       0       1        0.0%
COMMON               E      7       D       1       92.9%
BITCOMMON            E      0       0       0        0.0%
CODE                 0      0       0       0        0.0%
DATA                 0      0       D      12        0.0%
ABS                  0      0       D       3        0.0%
NULL                 0      0       0       0        0.0%
STACK                0      0       0       2        0.0%
EEDATA             100      0       0       0        0.0%


Microchip Technology PIC Macro Assembler V2.31 build 20201012212115 
Symbol Table                                                                                   Thu Jan 28 00:11:38 2021

                     _C1 007A                       _C2 0079                       l60 0773  
                     l55 0683                       l63 078A                       l64 07C0  
                     l90 0716                       l82 06D5                       l67 07E4  
                     l84 06D9                       l85 06DE                       l77 06BA  
                     l86 06E3                       l87 06E8                       l95 0731  
                     l88 06ED                       l89 06F2                       l97 0735  
                     l98 073A                       l99 073F                       u10 06C2  
                     u11 06C1                       u20 071E                       u21 071D  
                     u30 0784                       u31 0783                       u40 0790  
                     u41 078F                       u50 079F                       u51 079E  
                     u60 07AF                       u61 07AE                       u70 07C4  
                     u71 07C3                       u80 07D3                       u81 07D2  
                     u90 07E3                       u91 07E2                      l100 0744  
                    l101 0749                      l102 074E                      l103 0772  
                    l701 0684                      l711 06A8                      l703 0689  
                    l721 06C5                      l713 06AB                      l705 0696  
                    l731 0718                      l715 06AC                      l707 0699  
                    l725 06F7                      l717 06BC                      l733 071E  
                    l709 069A                      l719 06C2                      l823 075B  
                    l735 0721                      l751 077A                      l825 06FF  
                    l761 079F                      l753 077E                      l745 0773  
                    l739 0753                      l771 07CD                      l763 07A3  
                    l755 0784                      l747 0778                      l773 07D3  
                    l765 07A9                      l757 0790                      l781 07E4  
                    l749 0779                      l695 066F                      l775 07D7  
                    l767 07AF                      l759 0799                      l697 0678  
                    l777 07DD                      l769 07C4                      l699 067A  
                    u100 07EA                      u101 07E9                      u117 0794  
                    u127 07B5                      u137 07C8                      u147 068F  
                    u157 06A1                      u167 06B3                      u177 0729  
                    u187 06CD                     _main 0773                     btemp 007E  
                   start 0000                    ?_main 0070                    _ANSEL 0188  
                  _PORTA 0005                    _PORTB 0006                    _PORTC 0007  
                  _PORTD 0008                    _PORTE 0009                    _TRISA 0085  
                  _TRISB 0086                    _TRISC 0087                    _TRISD 0088  
                  _TRISE 0089                    _setup 066F                    status 0003  
                  wtemp0 007E          __initialization 07EE             __end_of_main 07EE  
                 ??_main 0074                   ?_setup 0070                   _ANSELH 0189  
                 _ledsJ1 06BB                   _ledsJ2 0717         __end_of_semaforo 06BB  
           __pdataCOMMON 007B  __end_of__initialization 07FC           __pcstackCOMMON 0070  
          __end_of_setup 0684                  ??_setup 0070               __pnvCOMMON 0077  
             __pmaintext 0773                  ?_ledsJ1 0070                  ?_ledsJ2 0070  
             _contadorJ1 0078               _contadorJ2 0077                ?_semaforo 0070  
                _bandera 007B          __size_of_ledsJ1 005C          __size_of_ledsJ2 005C  
                __ptext1 066F                  __ptext2 0684                  __ptext3 0717  
                __ptext4 06BB     end_of_initialization 07FC               ??_semaforo 0070  
              _PORTAbits 0005                _PORTBbits 0006                _PORTCbits 0007  
              _PORTDbits 0008                _PORTEbits 0009            __pidataCOMMON 066D  
         __end_of_ledsJ1 0717           __end_of_ledsJ2 0773      start_initialization 07EE  
               ??_ledsJ1 0070                 ??_ledsJ2 0070              __pbssCOMMON 0079  
              ___latbits 0002        __size_of_semaforo 0037           __size_of_setup 0015  
          __size_of_main 007B                 _semaforo 0684                 ledsJ1@C1 0073  
               ledsJ2@C2 0073  
