

Microchip MPLAB XC8 Assembler V2.31 build 20201012212115 
                                                                                               Thu Mar 04 14:09:11 2021

Microchip MPLAB XC8 C Compiler v2.31 (Free license) build 20201012212115 Og1 
     1                           	processor	16F887
     2                           	pagewidth 120
     3                           	opt	flic
     4                           	psect	cinit,global,class=CODE,merge=1,delta=2
     5                           	psect	cstackCOMMON,global,class=COMMON,space=1,delta=1,noexec
     6                           	psect	cstackBANK0,global,class=BANK0,space=1,delta=1,noexec
     7                           	psect	maintext,global,class=CODE,split=1,delta=2
     8                           	psect	text1,local,class=CODE,merge=1,delta=2
     9                           	psect	text2,local,class=CODE,merge=1,delta=2,group=1
    10                           	psect	text3,local,class=CODE,merge=1,delta=2
    11                           	psect	text4,local,class=CODE,merge=1,delta=2
    12                           	psect	text5,local,class=CODE,merge=1,delta=2
    13                           	psect	text6,local,class=CODE,merge=1,delta=2
    14                           	psect	text7,local,class=CODE,merge=1,delta=2
    15                           	psect	text8,local,class=CODE,merge=1,delta=2
    16                           	psect	text9,local,class=CODE,merge=1,delta=2
    17                           	psect	text10,local,class=CODE,merge=1,delta=2,group=1
    18                           	psect	config,global,abs,ovrld,class=CONFIG,space=4,delta=2,noexec
    19                           	dabs	1,0x7E,2
    20  0000                     
    21                           ; Version 2.20
    22                           ; Generated 12/02/2020 GMT
    23                           ; 
    24                           ; Copyright © 2020, Microchip Technology Inc. and its subsidiaries ("Microchip")
    25                           ; All rights reserved.
    26                           ; 
    27                           ; This software is developed by Microchip Technology Inc. and its subsidiaries ("Microch
      +                          ip").
    28                           ; 
    29                           ; Redistribution and use in source and binary forms, with or without modification, are
    30                           ; permitted provided that the following conditions are met:
    31                           ; 
    32                           ;     1. Redistributions of source code must retain the above copyright notice, this lis
      +                          t of
    33                           ;        conditions and the following disclaimer.
    34                           ; 
    35                           ;     2. Redistributions in binary form must reproduce the above copyright notice, this 
      +                          list
    36                           ;        of conditions and the following disclaimer in the documentation and/or other
    37                           ;        materials provided with the distribution.
    38                           ; 
    39                           ;     3. Microchip's name may not be used to endorse or promote products derived from th
      +                          is
    40                           ;        software without specific prior written permission.
    41                           ; 
    42                           ; THIS SOFTWARE IS PROVIDED BY MICROCHIP "AS IS" AND ANY EXPRESS OR IMPLIED WARRANTIES,
    43                           ; INCLUDING, BUT NOT LIMITED TO, THE IMPLIED WARRANTIES OF MERCHANTABILITY AND FITNESS F
      +                          OR
    44                           ; PURPOSE ARE DISCLAIMED.  IN NO EVENT SHALL MICROCHIP BE LIABLE FOR ANY DIRECT, INDIREC
      +                          T,
    45                           ; INCIDENTAL, SPECIAL, EXEMPLARY, OR CONSEQUENTIAL DAMAGES (INCLUDING BUT NOT LIMITED TO
    46                           ; PROCUREMENT OF SUBSTITUTE GOODS OR SERVICES; LOSS OF USE, DATA OR PROFITS; OR BUSINESS
    47                           ; INTERRUPTION) HOWSOEVER CAUSED AND ON ANY THEORY OF LIABILITY, WHETHER IN CONTRACT, ST
      +                          RICT
    48                           ; LIABILITY, OR TORT (INCLUDING NEGLIGENCE OR OTHERWISE) ARISING IN ANY WAY OUT OF THE U
      +                          SE OF
    49                           ; THIS SOFTWARE, EVEN IF ADVISED OF THE POSSIBILITY OF SUCH DAMAGE.
    50                           ; 
    51                           ; 
    52                           ; Code-generator required, PIC16F887 Definitions
    53                           ; 
    54                           ; SFR Addresses
    55  0000                     	;# 
    56  0001                     	;# 
    57  0002                     	;# 
    58  0003                     	;# 
    59  0004                     	;# 
    60  0005                     	;# 
    61  0006                     	;# 
    62  0007                     	;# 
    63  0008                     	;# 
    64  0009                     	;# 
    65  000A                     	;# 
    66  000B                     	;# 
    67  000C                     	;# 
    68  000D                     	;# 
    69  000E                     	;# 
    70  000E                     	;# 
    71  000F                     	;# 
    72  0010                     	;# 
    73  0011                     	;# 
    74  0012                     	;# 
    75  0013                     	;# 
    76  0014                     	;# 
    77  0015                     	;# 
    78  0015                     	;# 
    79  0016                     	;# 
    80  0017                     	;# 
    81  0018                     	;# 
    82  0019                     	;# 
    83  001A                     	;# 
    84  001B                     	;# 
    85  001B                     	;# 
    86  001C                     	;# 
    87  001D                     	;# 
    88  001E                     	;# 
    89  001F                     	;# 
    90  0081                     	;# 
    91  0085                     	;# 
    92  0086                     	;# 
    93  0087                     	;# 
    94  0088                     	;# 
    95  0089                     	;# 
    96  008C                     	;# 
    97  008D                     	;# 
    98  008E                     	;# 
    99  008F                     	;# 
   100  0090                     	;# 
   101  0091                     	;# 
   102  0092                     	;# 
   103  0093                     	;# 
   104  0093                     	;# 
   105  0093                     	;# 
   106  0094                     	;# 
   107  0095                     	;# 
   108  0096                     	;# 
   109  0097                     	;# 
   110  0098                     	;# 
   111  0099                     	;# 
   112  009A                     	;# 
   113  009B                     	;# 
   114  009C                     	;# 
   115  009D                     	;# 
   116  009E                     	;# 
   117  009F                     	;# 
   118  0105                     	;# 
   119  0107                     	;# 
   120  0108                     	;# 
   121  0109                     	;# 
   122  010C                     	;# 
   123  010C                     	;# 
   124  010D                     	;# 
   125  010E                     	;# 
   126  010F                     	;# 
   127  0185                     	;# 
   128  0187                     	;# 
   129  0188                     	;# 
   130  0189                     	;# 
   131  018C                     	;# 
   132  018D                     	;# 
   133  0000                     	;# 
   134  0001                     	;# 
   135  0002                     	;# 
   136  0003                     	;# 
   137  0004                     	;# 
   138  0005                     	;# 
   139  0006                     	;# 
   140  0007                     	;# 
   141  0008                     	;# 
   142  0009                     	;# 
   143  000A                     	;# 
   144  000B                     	;# 
   145  000C                     	;# 
   146  000D                     	;# 
   147  000E                     	;# 
   148  000E                     	;# 
   149  000F                     	;# 
   150  0010                     	;# 
   151  0011                     	;# 
   152  0012                     	;# 
   153  0013                     	;# 
   154  0014                     	;# 
   155  0015                     	;# 
   156  0015                     	;# 
   157  0016                     	;# 
   158  0017                     	;# 
   159  0018                     	;# 
   160  0019                     	;# 
   161  001A                     	;# 
   162  001B                     	;# 
   163  001B                     	;# 
   164  001C                     	;# 
   165  001D                     	;# 
   166  001E                     	;# 
   167  001F                     	;# 
   168  0081                     	;# 
   169  0085                     	;# 
   170  0086                     	;# 
   171  0087                     	;# 
   172  0088                     	;# 
   173  0089                     	;# 
   174  008C                     	;# 
   175  008D                     	;# 
   176  008E                     	;# 
   177  008F                     	;# 
   178  0090                     	;# 
   179  0091                     	;# 
   180  0092                     	;# 
   181  0093                     	;# 
   182  0093                     	;# 
   183  0093                     	;# 
   184  0094                     	;# 
   185  0095                     	;# 
   186  0096                     	;# 
   187  0097                     	;# 
   188  0098                     	;# 
   189  0099                     	;# 
   190  009A                     	;# 
   191  009B                     	;# 
   192  009C                     	;# 
   193  009D                     	;# 
   194  009E                     	;# 
   195  009F                     	;# 
   196  0105                     	;# 
   197  0107                     	;# 
   198  0108                     	;# 
   199  0109                     	;# 
   200  010C                     	;# 
   201  010C                     	;# 
   202  010D                     	;# 
   203  010E                     	;# 
   204  010F                     	;# 
   205  0185                     	;# 
   206  0187                     	;# 
   207  0188                     	;# 
   208  0189                     	;# 
   209  018C                     	;# 
   210  018D                     	;# 
   211  0000                     	;# 
   212  0001                     	;# 
   213  0002                     	;# 
   214  0003                     	;# 
   215  0004                     	;# 
   216  0005                     	;# 
   217  0006                     	;# 
   218  0007                     	;# 
   219  0008                     	;# 
   220  0009                     	;# 
   221  000A                     	;# 
   222  000B                     	;# 
   223  000C                     	;# 
   224  000D                     	;# 
   225  000E                     	;# 
   226  000E                     	;# 
   227  000F                     	;# 
   228  0010                     	;# 
   229  0011                     	;# 
   230  0012                     	;# 
   231  0013                     	;# 
   232  0014                     	;# 
   233  0015                     	;# 
   234  0015                     	;# 
   235  0016                     	;# 
   236  0017                     	;# 
   237  0018                     	;# 
   238  0019                     	;# 
   239  001A                     	;# 
   240  001B                     	;# 
   241  001B                     	;# 
   242  001C                     	;# 
   243  001D                     	;# 
   244  001E                     	;# 
   245  001F                     	;# 
   246  0081                     	;# 
   247  0085                     	;# 
   248  0086                     	;# 
   249  0087                     	;# 
   250  0088                     	;# 
   251  0089                     	;# 
   252  008C                     	;# 
   253  008D                     	;# 
   254  008E                     	;# 
   255  008F                     	;# 
   256  0090                     	;# 
   257  0091                     	;# 
   258  0092                     	;# 
   259  0093                     	;# 
   260  0093                     	;# 
   261  0093                     	;# 
   262  0094                     	;# 
   263  0095                     	;# 
   264  0096                     	;# 
   265  0097                     	;# 
   266  0098                     	;# 
   267  0099                     	;# 
   268  009A                     	;# 
   269  009B                     	;# 
   270  009C                     	;# 
   271  009D                     	;# 
   272  009E                     	;# 
   273  009F                     	;# 
   274  0105                     	;# 
   275  0107                     	;# 
   276  0108                     	;# 
   277  0109                     	;# 
   278  010C                     	;# 
   279  010C                     	;# 
   280  010D                     	;# 
   281  010E                     	;# 
   282  010F                     	;# 
   283  0185                     	;# 
   284  0187                     	;# 
   285  0188                     	;# 
   286  0189                     	;# 
   287  018C                     	;# 
   288  018D                     	;# 
   289  0000                     	;# 
   290  0001                     	;# 
   291  0002                     	;# 
   292  0003                     	;# 
   293  0004                     	;# 
   294  0005                     	;# 
   295  0006                     	;# 
   296  0007                     	;# 
   297  0008                     	;# 
   298  0009                     	;# 
   299  000A                     	;# 
   300  000B                     	;# 
   301  000C                     	;# 
   302  000D                     	;# 
   303  000E                     	;# 
   304  000E                     	;# 
   305  000F                     	;# 
   306  0010                     	;# 
   307  0011                     	;# 
   308  0012                     	;# 
   309  0013                     	;# 
   310  0014                     	;# 
   311  0015                     	;# 
   312  0015                     	;# 
   313  0016                     	;# 
   314  0017                     	;# 
   315  0018                     	;# 
   316  0019                     	;# 
   317  001A                     	;# 
   318  001B                     	;# 
   319  001B                     	;# 
   320  001C                     	;# 
   321  001D                     	;# 
   322  001E                     	;# 
   323  001F                     	;# 
   324  0081                     	;# 
   325  0085                     	;# 
   326  0086                     	;# 
   327  0087                     	;# 
   328  0088                     	;# 
   329  0089                     	;# 
   330  008C                     	;# 
   331  008D                     	;# 
   332  008E                     	;# 
   333  008F                     	;# 
   334  0090                     	;# 
   335  0091                     	;# 
   336  0092                     	;# 
   337  0093                     	;# 
   338  0093                     	;# 
   339  0093                     	;# 
   340  0094                     	;# 
   341  0095                     	;# 
   342  0096                     	;# 
   343  0097                     	;# 
   344  0098                     	;# 
   345  0099                     	;# 
   346  009A                     	;# 
   347  009B                     	;# 
   348  009C                     	;# 
   349  009D                     	;# 
   350  009E                     	;# 
   351  009F                     	;# 
   352  0105                     	;# 
   353  0107                     	;# 
   354  0108                     	;# 
   355  0109                     	;# 
   356  010C                     	;# 
   357  010C                     	;# 
   358  010D                     	;# 
   359  010E                     	;# 
   360  010F                     	;# 
   361  0185                     	;# 
   362  0187                     	;# 
   363  0188                     	;# 
   364  0189                     	;# 
   365  018C                     	;# 
   366  018D                     	;# 
   367  0006                     _PORTB	set	6
   368  0013                     _SSPBUF	set	19
   369  0014                     _SSPCON	set	20
   370  0063                     _SSPIF	set	99
   371  005E                     _PEIE	set	94
   372  005F                     _GIE	set	95
   373  0086                     _TRISB	set	134
   374  0091                     _SSPCON2bits	set	145
   375  0087                     _TRISCbits	set	135
   376  0094                     _SSPSTAT	set	148
   377  0093                     _SSPADD	set	147
   378  0091                     _SSPCON2	set	145
   379  0463                     _SSPIE	set	1123
   380  043C                     _TRISC4	set	1084
   381  043B                     _TRISC3	set	1083
   382                           
   383                           	psect	cinit
   384  07FC                     start_initialization:	
   385                           ; #config settings
   386                           
   387  07FC                     __initialization:
   388  07FC                     end_of_initialization:	
   389                           ;End of C runtime variable initialization code
   390                           
   391  07FC                     __end_of__initialization:
   392  07FC  0183               	clrf	3
   393  07FD  120A  118A  2E78   	ljmp	_main	;jump to C main() function
   394                           
   395                           	psect	cstackCOMMON
   396  0070                     __pcstackCOMMON:
   397  0070                     ?_LM75_init:
   398  0070                     ?_I2C_Master_Wait:	
   399                           ; 1 bytes @ 0x0
   400                           
   401  0070                     ??_I2C_Master_Wait:	
   402                           ; 1 bytes @ 0x0
   403                           
   404  0070                     ?_I2C_Master_Start:	
   405                           ; 1 bytes @ 0x0
   406                           
   407  0070                     ??_I2C_Master_Start:	
   408                           ; 1 bytes @ 0x0
   409                           
   410  0070                     ?_I2C_Master_Stop:	
   411                           ; 1 bytes @ 0x0
   412                           
   413  0070                     ??_I2C_Master_Stop:	
   414                           ; 1 bytes @ 0x0
   415                           
   416  0070                     ?_I2C_Master_Write:	
   417                           ; 1 bytes @ 0x0
   418                           
   419  0070                     ?_setup:	
   420                           ; 1 bytes @ 0x0
   421                           
   422  0070                     ??_setup:	
   423                           ; 1 bytes @ 0x0
   424                           
   425  0070                     ?_main:	
   426                           ; 1 bytes @ 0x0
   427                           
   428  0070                     ?___lldiv:	
   429                           ; 1 bytes @ 0x0
   430                           
   431  0070                     I2C_Master_Write@d:	
   432                           ; 4 bytes @ 0x0
   433                           
   434  0070                     ___lldiv@divisor:	
   435                           ; 2 bytes @ 0x0
   436                           
   437                           
   438                           ; 4 bytes @ 0x0
   439  0070                     	ds	2
   440  0072                     ??_I2C_Master_Write:
   441  0072                     ?_LM75_read:	
   442                           ; 1 bytes @ 0x2
   443                           
   444                           
   445                           ; 4 bytes @ 0x2
   446  0072                     	ds	2
   447  0074                     ___lldiv@dividend:
   448                           
   449                           ; 4 bytes @ 0x4
   450  0074                     	ds	2
   451  0076                     ??_LM75_read:
   452                           
   453                           ; 1 bytes @ 0x6
   454  0076                     	ds	2
   455  0078                     ??___lldiv:
   456                           
   457                           ; 1 bytes @ 0x8
   458  0078                     	ds	1
   459  0079                     LM75_read@regAddress:
   460  0079                     ___lldiv@quotient:	
   461                           ; 1 bytes @ 0x9
   462                           
   463                           
   464                           ; 4 bytes @ 0x9
   465  0079                     	ds	1
   466  007A                     ?___fltol:
   467  007A                     ___fltol@f1:	
   468                           ; 4 bytes @ 0xA
   469                           
   470                           
   471                           ; 4 bytes @ 0xA
   472  007A                     	ds	3
   473  007D                     ___lldiv@counter:
   474                           
   475                           ; 1 bytes @ 0xD
   476  007D                     	ds	1
   477  007E                     ??_LM75_init:
   478                           
   479                           	psect	cstackBANK0
   480  0020                     __pcstackBANK0:	
   481                           ; 1 bytes @ 0xE
   482                           
   483  0020                     ?_I2C_Master_Init:
   484  0020                     ??___fltol:	
   485                           ; 1 bytes @ 0x0
   486                           
   487  0020                     I2C_Master_Init@c:	
   488                           ; 1 bytes @ 0x0
   489                           
   490                           
   491                           ; 4 bytes @ 0x0
   492  0020                     	ds	4
   493  0024                     ??_I2C_Master_Init:
   494                           
   495                           ; 1 bytes @ 0x4
   496  0024                     	ds	1
   497  0025                     ___fltol@sign1:
   498                           
   499                           ; 1 bytes @ 0x5
   500  0025                     	ds	1
   501  0026                     ___fltol@exp1:
   502                           
   503                           ; 1 bytes @ 0x6
   504  0026                     	ds	2
   505  0028                     ??_main:
   506                           
   507                           ; 1 bytes @ 0x8
   508  0028                     	ds	3
   509                           
   510                           	psect	maintext
   511  0678                     __pmaintext:	
   512 ;;
   513 ;;Main: autosize = 0, tempsize = 3, incstack = 0, save=0
   514 ;;
   515 ;; *************** function _main *****************
   516 ;; Defined at:
   517 ;;		line 43 in file "main.c"
   518 ;; Parameters:    Size  Location     Type
   519 ;;		None
   520 ;; Auto vars:     Size  Location     Type
   521 ;;		None
   522 ;; Return value:  Size  Location     Type
   523 ;;                  1    wreg      void 
   524 ;; Registers used:
   525 ;;		wreg, status,2, status,0, pclath, cstack
   526 ;; Tracked objects:
   527 ;;		On entry : B00/0
   528 ;;		On exit  : 0/0
   529 ;;		Unchanged: 0/0
   530 ;; Data sizes:     COMMON   BANK0   BANK1   BANK3   BANK2
   531 ;;      Params:         0       0       0       0       0
   532 ;;      Locals:         0       0       0       0       0
   533 ;;      Temps:          0       3       0       0       0
   534 ;;      Totals:         0       3       0       0       0
   535 ;;Total ram usage:        3 bytes
   536 ;; Hardware stack levels required when called:    3
   537 ;; This function calls:
   538 ;;		_LM75_init
   539 ;;		_LM75_read
   540 ;;		___fltol
   541 ;;		_setup
   542 ;; This function is called by:
   543 ;;		Startup code after reset
   544 ;; This function uses a non-reentrant model
   545 ;;
   546                           
   547                           
   548                           ;psect for function _main
   549  0678                     _main:
   550  0678                     l905:	
   551                           ;incstack = 0
   552                           ; Regs used in _main: [wreg+status,2+status,0+pclath+cstack]
   553                           
   554  0678  120A  118A  2668  120A  118A  	fcall	_LM75_init
   555  067D                     l907:
   556  067D  120A  118A  2638  120A  118A  	fcall	_setup
   557  0682                     l909:
   558  0682  3000               	movlw	0
   559  0683  120A  118A  26AB  120A  118A  	fcall	_LM75_read
   560  0688  0875               	movf	?_LM75_read+3,w
   561  0689  00FD               	movwf	___fltol@f1+3
   562  068A  0874               	movf	?_LM75_read+2,w
   563  068B  00FC               	movwf	___fltol@f1+2
   564  068C  0873               	movf	?_LM75_read+1,w
   565  068D  00FB               	movwf	___fltol@f1+1
   566  068E  0872               	movf	?_LM75_read,w
   567  068F  00FA               	movwf	___fltol@f1
   568  0690  120A  118A  2780  120A  118A  	fcall	___fltol
   569  0695  087A               	movf	?___fltol,w
   570  0696  1283               	bcf	3,5	;RP0=0, select bank0
   571  0697  1303               	bcf	3,6	;RP1=0, select bank0
   572  0698  0086               	movwf	6	;volatile
   573  0699                     l911:
   574  0699  3006               	movlw	6
   575  069A  1283               	bcf	3,5	;RP0=0, select bank0
   576  069B  1303               	bcf	3,6	;RP1=0, select bank0
   577  069C  00AA               	movwf	??_main+2
   578  069D  3013               	movlw	19
   579  069E  00A9               	movwf	??_main+1
   580  069F  30AD               	movlw	173
   581  06A0  00A8               	movwf	??_main
   582  06A1                     u407:
   583  06A1  0BA8               	decfsz	??_main,f
   584  06A2  2EA1               	goto	u407
   585  06A3  0BA9               	decfsz	??_main+1,f
   586  06A4  2EA1               	goto	u407
   587  06A5  0BAA               	decfsz	??_main+2,f
   588  06A6  2EA1               	goto	u407
   589  06A7  2E82               	goto	l909
   590  06A8  120A  118A  2800   	ljmp	start
   591  06AB                     __end_of_main:
   592                           
   593                           	psect	text1
   594  0638                     __ptext1:	
   595 ;; *************** function _setup *****************
   596 ;; Defined at:
   597 ;;		line 37 in file "main.c"
   598 ;; Parameters:    Size  Location     Type
   599 ;;		None
   600 ;; Auto vars:     Size  Location     Type
   601 ;;		None
   602 ;; Return value:  Size  Location     Type
   603 ;;                  1    wreg      void 
   604 ;; Registers used:
   605 ;;		status,2
   606 ;; Tracked objects:
   607 ;;		On entry : 0/0
   608 ;;		On exit  : 0/0
   609 ;;		Unchanged: 0/0
   610 ;; Data sizes:     COMMON   BANK0   BANK1   BANK3   BANK2
   611 ;;      Params:         0       0       0       0       0
   612 ;;      Locals:         0       0       0       0       0
   613 ;;      Temps:          0       0       0       0       0
   614 ;;      Totals:         0       0       0       0       0
   615 ;;Total ram usage:        0 bytes
   616 ;; Hardware stack levels used:    1
   617 ;; This function calls:
   618 ;;		Nothing
   619 ;; This function is called by:
   620 ;;		_main
   621 ;; This function uses a non-reentrant model
   622 ;;
   623                           
   624                           
   625                           ;psect for function _setup
   626  0638                     _setup:
   627  0638                     l739:	
   628                           ;incstack = 0
   629                           ; Regs used in _setup: [status,2]
   630                           
   631  0638  1683               	bsf	3,5	;RP0=1, select bank1
   632  0639  1303               	bcf	3,6	;RP1=0, select bank1
   633  063A  0186               	clrf	6	;volatile
   634  063B  1283               	bcf	3,5	;RP0=0, select bank0
   635  063C  1303               	bcf	3,6	;RP1=0, select bank0
   636  063D  0186               	clrf	6	;volatile
   637  063E                     l68:
   638  063E  0008               	return
   639  063F                     __end_of_setup:
   640                           
   641                           	psect	text2
   642  0780                     __ptext2:	
   643 ;; *************** function ___fltol *****************
   644 ;; Defined at:
   645 ;;		line 43 in file "C:\Program Files\Microchip\xc8\v2.31\pic\sources\c90\common\fltol.c"
   646 ;; Parameters:    Size  Location     Type
   647 ;;  f1              4   10[COMMON] void 
   648 ;; Auto vars:     Size  Location     Type
   649 ;;  exp1            1    6[BANK0 ] unsigned char 
   650 ;;  sign1           1    5[BANK0 ] unsigned char 
   651 ;; Return value:  Size  Location     Type
   652 ;;                  4   10[COMMON] long 
   653 ;; Registers used:
   654 ;;		wreg, status,2, status,0
   655 ;; Tracked objects:
   656 ;;		On entry : 0/0
   657 ;;		On exit  : 0/0
   658 ;;		Unchanged: 0/0
   659 ;; Data sizes:     COMMON   BANK0   BANK1   BANK3   BANK2
   660 ;;      Params:         4       0       0       0       0
   661 ;;      Locals:         0       2       0       0       0
   662 ;;      Temps:          0       5       0       0       0
   663 ;;      Totals:         4       7       0       0       0
   664 ;;Total ram usage:       11 bytes
   665 ;; Hardware stack levels used:    1
   666 ;; This function calls:
   667 ;;		Nothing
   668 ;; This function is called by:
   669 ;;		_main
   670 ;; This function uses a non-reentrant model
   671 ;;
   672                           
   673                           
   674                           ;psect for function ___fltol
   675  0780                     ___fltol:
   676  0780                     l869:	
   677                           ;incstack = 0
   678                           ; Regs used in ___fltol: [wreg+status,2+status,0]
   679                           
   680  0780  1003               	clrc
   681  0781  0D7C               	rlf	___fltol@f1+2,w
   682  0782  0D7D               	rlf	___fltol@f1+3,w
   683  0783  1283               	bcf	3,5	;RP0=0, select bank0
   684  0784  1303               	bcf	3,6	;RP1=0, select bank0
   685  0785  00A0               	movwf	??___fltol
   686  0786  0820               	movf	??___fltol,w
   687  0787  00A6               	movwf	___fltol@exp1
   688  0788  0826               	movf	___fltol@exp1,w
   689  0789  1D03               	btfss	3,2
   690  078A  2F8C               	goto	u301
   691  078B  2F8D               	goto	u300
   692  078C                     u301:
   693  078C  2F96               	goto	l875
   694  078D                     u300:
   695  078D                     l871:
   696  078D  3000               	movlw	0
   697  078E  00FD               	movwf	?___fltol+3
   698  078F  3000               	movlw	0
   699  0790  00FC               	movwf	?___fltol+2
   700  0791  3000               	movlw	0
   701  0792  00FB               	movwf	?___fltol+1
   702  0793  3000               	movlw	0
   703  0794  00FA               	movwf	?___fltol
   704  0795  2FFB               	goto	l367
   705  0796                     l875:
   706  0796  087A               	movf	___fltol@f1,w
   707  0797  00A0               	movwf	??___fltol
   708  0798  087B               	movf	___fltol@f1+1,w
   709  0799  00A1               	movwf	??___fltol+1
   710  079A  087C               	movf	___fltol@f1+2,w
   711  079B  00A2               	movwf	??___fltol+2
   712  079C  087D               	movf	___fltol@f1+3,w
   713  079D  00A3               	movwf	??___fltol+3
   714  079E  301F               	movlw	31
   715  079F                     u315:
   716  079F  1003               	clrc
   717  07A0  0CA3               	rrf	??___fltol+3,f
   718  07A1  0CA2               	rrf	??___fltol+2,f
   719  07A2  0CA1               	rrf	??___fltol+1,f
   720  07A3  0CA0               	rrf	??___fltol,f
   721  07A4                     u310:
   722  07A4  3EFF               	addlw	-1
   723  07A5  1D03               	skipz
   724  07A6  2F9F               	goto	u315
   725  07A7  0820               	movf	??___fltol,w
   726  07A8  00A4               	movwf	??___fltol+4
   727  07A9  0824               	movf	??___fltol+4,w
   728  07AA  00A5               	movwf	___fltol@sign1
   729  07AB                     l877:
   730  07AB  17FC               	bsf	___fltol@f1+2,7
   731  07AC                     l879:
   732  07AC  30FF               	movlw	255
   733  07AD  05FA               	andwf	___fltol@f1,f
   734  07AE  30FF               	movlw	255
   735  07AF  05FB               	andwf	___fltol@f1+1,f
   736  07B0  30FF               	movlw	255
   737  07B1  05FC               	andwf	___fltol@f1+2,f
   738  07B2  3000               	movlw	0
   739  07B3  05FD               	andwf	___fltol@f1+3,f
   740  07B4                     l881:
   741  07B4  3096               	movlw	150
   742  07B5  02A6               	subwf	___fltol@exp1,f
   743  07B6                     l883:
   744  07B6  1FA6               	btfss	___fltol@exp1,7
   745  07B7  2FB9               	goto	u321
   746  07B8  2FBA               	goto	u320
   747  07B9                     u321:
   748  07B9  2FD4               	goto	l893
   749  07BA                     u320:
   750  07BA                     l885:
   751  07BA  0826               	movf	___fltol@exp1,w
   752  07BB  3A80               	xorlw	128
   753  07BC  3E97               	addlw	151
   754  07BD  1803               	skipnc
   755  07BE  2FC0               	goto	u331
   756  07BF  2FC1               	goto	u330
   757  07C0                     u331:
   758  07C0  2FC2               	goto	l891
   759  07C1                     u330:
   760  07C1  2F8D               	goto	l871
   761  07C2                     l891:
   762  07C2  3001               	movlw	1
   763  07C3                     u345:
   764  07C3  1003               	clrc
   765  07C4  0CFD               	rrf	___fltol@f1+3,f
   766  07C5  0CFC               	rrf	___fltol@f1+2,f
   767  07C6  0CFB               	rrf	___fltol@f1+1,f
   768  07C7  0CFA               	rrf	___fltol@f1,f
   769  07C8  3EFF               	addlw	-1
   770  07C9  1D03               	skipz
   771  07CA  2FC3               	goto	u345
   772  07CB  3001               	movlw	1
   773  07CC  00A0               	movwf	??___fltol
   774  07CD  0820               	movf	??___fltol,w
   775  07CE  07A6               	addwf	___fltol@exp1,f
   776  07CF  1D03               	btfss	3,2
   777  07D0  2FD2               	goto	u351
   778  07D1  2FD3               	goto	u350
   779  07D2                     u351:
   780  07D2  2FC2               	goto	l891
   781  07D3                     u350:
   782  07D3  2FEB               	goto	l901
   783  07D4                     l893:
   784  07D4  3020               	movlw	32
   785  07D5  0226               	subwf	___fltol@exp1,w
   786  07D6  1C03               	skipc
   787  07D7  2FD9               	goto	u361
   788  07D8  2FDA               	goto	u360
   789  07D9                     u361:
   790  07D9  2FE6               	goto	l374
   791  07DA                     u360:
   792  07DA  2F8D               	goto	l871
   793  07DB                     l899:
   794  07DB  3001               	movlw	1
   795  07DC  00A0               	movwf	??___fltol
   796  07DD                     u375:
   797  07DD  1003               	clrc
   798  07DE  0DFA               	rlf	___fltol@f1,f
   799  07DF  0DFB               	rlf	___fltol@f1+1,f
   800  07E0  0DFC               	rlf	___fltol@f1+2,f
   801  07E1  0DFD               	rlf	___fltol@f1+3,f
   802  07E2  0BA0               	decfsz	??___fltol,f
   803  07E3  2FDD               	goto	u375
   804  07E4  3001               	movlw	1
   805  07E5  02A6               	subwf	___fltol@exp1,f
   806  07E6                     l374:
   807  07E6  0826               	movf	___fltol@exp1,w
   808  07E7  1D03               	btfss	3,2
   809  07E8  2FEA               	goto	u381
   810  07E9  2FEB               	goto	u380
   811  07EA                     u381:
   812  07EA  2FDB               	goto	l899
   813  07EB                     u380:
   814  07EB                     l901:
   815  07EB  0825               	movf	___fltol@sign1,w
   816  07EC  1903               	btfsc	3,2
   817  07ED  2FEF               	goto	u391
   818  07EE  2FF0               	goto	u390
   819  07EF                     u391:
   820  07EF  2FFB               	goto	l377
   821  07F0                     u390:
   822  07F0                     l903:
   823  07F0  09FA               	comf	___fltol@f1,f
   824  07F1  09FB               	comf	___fltol@f1+1,f
   825  07F2  09FC               	comf	___fltol@f1+2,f
   826  07F3  09FD               	comf	___fltol@f1+3,f
   827  07F4  0AFA               	incf	___fltol@f1,f
   828  07F5  1903               	skipnz
   829  07F6  0AFB               	incf	___fltol@f1+1,f
   830  07F7  1903               	skipnz
   831  07F8  0AFC               	incf	___fltol@f1+2,f
   832  07F9  1903               	skipnz
   833  07FA  0AFD               	incf	___fltol@f1+3,f
   834  07FB                     l377:
   835  07FB                     l367:
   836  07FB  0008               	return
   837  07FC                     __end_of___fltol:
   838                           
   839                           	psect	text3
   840  06AB                     __ptext3:	
   841 ;; *************** function _LM75_read *****************
   842 ;; Defined at:
   843 ;;		line 22 in file "LM75.c"
   844 ;; Parameters:    Size  Location     Type
   845 ;;  regAddress      1    wreg     unsigned char 
   846 ;; Auto vars:     Size  Location     Type
   847 ;;  regAddress      1    9[COMMON] unsigned char 
   848 ;; Return value:  Size  Location     Type
   849 ;;                  4    2[COMMON] float 
   850 ;; Registers used:
   851 ;;		wreg, status,2, status,0, pclath, cstack
   852 ;; Tracked objects:
   853 ;;		On entry : 0/0
   854 ;;		On exit  : 0/0
   855 ;;		Unchanged: 0/0
   856 ;; Data sizes:     COMMON   BANK0   BANK1   BANK3   BANK2
   857 ;;      Params:         4       0       0       0       0
   858 ;;      Locals:         1       0       0       0       0
   859 ;;      Temps:          3       0       0       0       0
   860 ;;      Totals:         8       0       0       0       0
   861 ;;Total ram usage:        8 bytes
   862 ;; Hardware stack levels used:    1
   863 ;; Hardware stack levels required when called:    2
   864 ;; This function calls:
   865 ;;		_I2C_Master_Start
   866 ;;		_I2C_Master_Stop
   867 ;;		_I2C_Master_Write
   868 ;; This function is called by:
   869 ;;		_main
   870 ;; This function uses a non-reentrant model
   871 ;;
   872                           
   873                           
   874                           ;psect for function _LM75_read
   875  06AB                     _LM75_read:
   876                           
   877                           ;incstack = 0
   878                           ; Regs used in _LM75_read: [wreg+status,2+status,0+pclath+cstack]
   879                           ;LM75_read@regAddress stored from wreg
   880  06AB  00F9               	movwf	LM75_read@regAddress
   881  06AC                     l865:
   882                           
   883                           ;LM75.c: 22: float LM75_read(char regAddress);LM75.c: 23: {;LM75.c: 27:   I2C_Master_Sta
      +                          rt();
   884  06AC  120A  118A  263F  120A  118A  	fcall	_I2C_Master_Start
   885                           
   886                           ;LM75.c: 29:   I2C_Master_Write(0b10010000);
   887  06B1  3090               	movlw	144
   888  06B2  00F0               	movwf	I2C_Master_Write@d
   889  06B3  3000               	movlw	0
   890  06B4  00F1               	movwf	I2C_Master_Write@d+1
   891  06B5  120A  118A  2651  120A  118A  	fcall	_I2C_Master_Write
   892                           
   893                           ;LM75.c: 30:   I2C_Master_Write(regAddress);
   894  06BA  0879               	movf	LM75_read@regAddress,w
   895  06BB  00F6               	movwf	??_LM75_read
   896  06BC  01F7               	clrf	??_LM75_read+1
   897  06BD  0876               	movf	??_LM75_read,w
   898  06BE  00F0               	movwf	I2C_Master_Write@d
   899  06BF  0877               	movf	??_LM75_read+1,w
   900  06C0  00F1               	movwf	I2C_Master_Write@d+1
   901  06C1  120A  118A  2651  120A  118A  	fcall	_I2C_Master_Write
   902                           
   903                           ;LM75.c: 32:   I2C_Master_Write(0b10010001);
   904  06C6  3091               	movlw	145
   905  06C7  00F0               	movwf	I2C_Master_Write@d
   906  06C8  3000               	movlw	0
   907  06C9  00F1               	movwf	I2C_Master_Write@d+1
   908  06CA  120A  118A  2651  120A  118A  	fcall	_I2C_Master_Write
   909                           
   910                           ;LM75.c: 36:   I2C_Master_Stop();
   911  06CF  120A  118A  2648  120A  118A  	fcall	_I2C_Master_Stop
   912  06D4                     l867:
   913                           
   914                           ;LM75.c: 37:   _delay((unsigned long)((200)*(4000000/4000.0)));
   915  06D4  3002               	movlw	2
   916  06D5  00F8               	movwf	??_LM75_read+2
   917  06D6  3004               	movlw	4
   918  06D7  00F7               	movwf	??_LM75_read+1
   919  06D8  30BA               	movlw	186
   920  06D9  00F6               	movwf	??_LM75_read
   921  06DA                     u417:
   922  06DA  0BF6               	decfsz	??_LM75_read,f
   923  06DB  2EDA               	goto	u417
   924  06DC  0BF7               	decfsz	??_LM75_read+1,f
   925  06DD  2EDA               	goto	u417
   926  06DE  0BF8               	decfsz	??_LM75_read+2,f
   927  06DF  2EDA               	goto	u417
   928  06E0  0000               	nop
   929  06E1                     l92:
   930  06E1  0008               	return
   931  06E2                     __end_of_LM75_read:
   932                           
   933                           	psect	text4
   934  0651                     __ptext4:	
   935 ;; *************** function _I2C_Master_Write *****************
   936 ;; Defined at:
   937 ;;		line 65 in file "I2C.c"
   938 ;; Parameters:    Size  Location     Type
   939 ;;  d               2    0[COMMON] unsigned int 
   940 ;; Auto vars:     Size  Location     Type
   941 ;;		None
   942 ;; Return value:  Size  Location     Type
   943 ;;                  1    wreg      void 
   944 ;; Registers used:
   945 ;;		wreg, status,2, status,0, pclath, cstack
   946 ;; Tracked objects:
   947 ;;		On entry : 0/0
   948 ;;		On exit  : 0/0
   949 ;;		Unchanged: 0/0
   950 ;; Data sizes:     COMMON   BANK0   BANK1   BANK3   BANK2
   951 ;;      Params:         2       0       0       0       0
   952 ;;      Locals:         0       0       0       0       0
   953 ;;      Temps:          0       0       0       0       0
   954 ;;      Totals:         2       0       0       0       0
   955 ;;Total ram usage:        2 bytes
   956 ;; Hardware stack levels used:    1
   957 ;; Hardware stack levels required when called:    1
   958 ;; This function calls:
   959 ;;		_I2C_Master_Wait
   960 ;; This function is called by:
   961 ;;		_LM75_read
   962 ;;		_LM75_setConfig
   963 ;; This function uses a non-reentrant model
   964 ;;
   965                           
   966                           
   967                           ;psect for function _I2C_Master_Write
   968  0651                     _I2C_Master_Write:
   969  0651                     l859:	
   970                           ;incstack = 0
   971                           ; Regs used in _I2C_Master_Write: [wreg+status,2+status,0+pclath+cstack]
   972                           
   973                           
   974                           ;I2C.c: 65: void I2C_Master_Write(unsigned d);I2C.c: 66: {;I2C.c: 67:     I2C_Master_Wai
      +                          t();
   975  0651  120A  118A  265B  120A  118A  	fcall	_I2C_Master_Wait
   976  0656                     l861:
   977                           
   978                           ;I2C.c: 68:     SSPBUF = d;
   979  0656  0870               	movf	I2C_Master_Write@d,w
   980  0657  1283               	bcf	3,5	;RP0=0, select bank0
   981  0658  1303               	bcf	3,6	;RP1=0, select bank0
   982  0659  0093               	movwf	19	;volatile
   983  065A                     l47:
   984  065A  0008               	return
   985  065B                     __end_of_I2C_Master_Write:
   986                           
   987                           	psect	text5
   988  0648                     __ptext5:	
   989 ;; *************** function _I2C_Master_Stop *****************
   990 ;; Defined at:
   991 ;;		line 55 in file "I2C.c"
   992 ;; Parameters:    Size  Location     Type
   993 ;;		None
   994 ;; Auto vars:     Size  Location     Type
   995 ;;		None
   996 ;; Return value:  Size  Location     Type
   997 ;;                  1    wreg      void 
   998 ;; Registers used:
   999 ;;		wreg, status,2, status,0, pclath, cstack
  1000 ;; Tracked objects:
  1001 ;;		On entry : 0/0
  1002 ;;		On exit  : 0/0
  1003 ;;		Unchanged: 0/0
  1004 ;; Data sizes:     COMMON   BANK0   BANK1   BANK3   BANK2
  1005 ;;      Params:         0       0       0       0       0
  1006 ;;      Locals:         0       0       0       0       0
  1007 ;;      Temps:          0       0       0       0       0
  1008 ;;      Totals:         0       0       0       0       0
  1009 ;;Total ram usage:        0 bytes
  1010 ;; Hardware stack levels used:    1
  1011 ;; Hardware stack levels required when called:    1
  1012 ;; This function calls:
  1013 ;;		_I2C_Master_Wait
  1014 ;; This function is called by:
  1015 ;;		_LM75_read
  1016 ;;		_LM75_setConfig
  1017 ;; This function uses a non-reentrant model
  1018 ;;
  1019                           
  1020                           
  1021                           ;psect for function _I2C_Master_Stop
  1022  0648                     _I2C_Master_Stop:
  1023  0648                     l731:	
  1024                           ;incstack = 0
  1025                           ; Regs used in _I2C_Master_Stop: [wreg+status,2+status,0+pclath+cstack]
  1026                           
  1027                           
  1028                           ;I2C.c: 57:     I2C_Master_Wait();
  1029  0648  120A  118A  265B  120A  118A  	fcall	_I2C_Master_Wait
  1030  064D                     l733:
  1031                           
  1032                           ;I2C.c: 58:     SSPCON2bits.PEN = 1;
  1033  064D  1683               	bsf	3,5	;RP0=1, select bank1
  1034  064E  1303               	bcf	3,6	;RP1=0, select bank1
  1035  064F  1511               	bsf	17,2	;volatile
  1036  0650                     l44:
  1037  0650  0008               	return
  1038  0651                     __end_of_I2C_Master_Stop:
  1039                           
  1040                           	psect	text6
  1041  063F                     __ptext6:	
  1042 ;; *************** function _I2C_Master_Start *****************
  1043 ;; Defined at:
  1044 ;;		line 39 in file "I2C.c"
  1045 ;; Parameters:    Size  Location     Type
  1046 ;;		None
  1047 ;; Auto vars:     Size  Location     Type
  1048 ;;		None
  1049 ;; Return value:  Size  Location     Type
  1050 ;;                  1    wreg      void 
  1051 ;; Registers used:
  1052 ;;		wreg, status,2, status,0, pclath, cstack
  1053 ;; Tracked objects:
  1054 ;;		On entry : 0/0
  1055 ;;		On exit  : 0/0
  1056 ;;		Unchanged: 0/0
  1057 ;; Data sizes:     COMMON   BANK0   BANK1   BANK3   BANK2
  1058 ;;      Params:         0       0       0       0       0
  1059 ;;      Locals:         0       0       0       0       0
  1060 ;;      Temps:          0       0       0       0       0
  1061 ;;      Totals:         0       0       0       0       0
  1062 ;;Total ram usage:        0 bytes
  1063 ;; Hardware stack levels used:    1
  1064 ;; Hardware stack levels required when called:    1
  1065 ;; This function calls:
  1066 ;;		_I2C_Master_Wait
  1067 ;; This function is called by:
  1068 ;;		_LM75_read
  1069 ;;		_LM75_setConfig
  1070 ;; This function uses a non-reentrant model
  1071 ;;
  1072                           
  1073                           
  1074                           ;psect for function _I2C_Master_Start
  1075  063F                     _I2C_Master_Start:
  1076  063F                     l727:	
  1077                           ;incstack = 0
  1078                           ; Regs used in _I2C_Master_Start: [wreg+status,2+status,0+pclath+cstack]
  1079                           
  1080                           
  1081                           ;I2C.c: 41:     I2C_Master_Wait();
  1082  063F  120A  118A  265B  120A  118A  	fcall	_I2C_Master_Wait
  1083  0644                     l729:
  1084                           
  1085                           ;I2C.c: 42:     SSPCON2bits.SEN = 1;
  1086  0644  1683               	bsf	3,5	;RP0=1, select bank1
  1087  0645  1303               	bcf	3,6	;RP1=0, select bank1
  1088  0646  1411               	bsf	17,0	;volatile
  1089  0647                     l38:
  1090  0647  0008               	return
  1091  0648                     __end_of_I2C_Master_Start:
  1092                           
  1093                           	psect	text7
  1094  065B                     __ptext7:	
  1095 ;; *************** function _I2C_Master_Wait *****************
  1096 ;; Defined at:
  1097 ;;		line 32 in file "I2C.c"
  1098 ;; Parameters:    Size  Location     Type
  1099 ;;		None
  1100 ;; Auto vars:     Size  Location     Type
  1101 ;;		None
  1102 ;; Return value:  Size  Location     Type
  1103 ;;                  1    wreg      void 
  1104 ;; Registers used:
  1105 ;;		wreg, status,2
  1106 ;; Tracked objects:
  1107 ;;		On entry : 0/0
  1108 ;;		On exit  : 0/0
  1109 ;;		Unchanged: 0/0
  1110 ;; Data sizes:     COMMON   BANK0   BANK1   BANK3   BANK2
  1111 ;;      Params:         0       0       0       0       0
  1112 ;;      Locals:         0       0       0       0       0
  1113 ;;      Temps:          0       0       0       0       0
  1114 ;;      Totals:         0       0       0       0       0
  1115 ;;Total ram usage:        0 bytes
  1116 ;; Hardware stack levels used:    1
  1117 ;; This function calls:
  1118 ;;		Nothing
  1119 ;; This function is called by:
  1120 ;;		_I2C_Master_Start
  1121 ;;		_I2C_Master_Stop
  1122 ;;		_I2C_Master_Write
  1123 ;;		_I2C_Master_RepeatedStart
  1124 ;;		_I2C_Master_Read
  1125 ;; This function uses a non-reentrant model
  1126 ;;
  1127                           
  1128                           
  1129                           ;psect for function _I2C_Master_Wait
  1130  065B                     _I2C_Master_Wait:
  1131  065B                     l687:	
  1132                           ;incstack = 0
  1133                           ; Regs used in _I2C_Master_Wait: [wreg+status,2]
  1134                           
  1135  065B                     l32:	
  1136                           ;I2C.c: 34:     while ((SSPSTAT & 0x04) || (SSPCON2 & 0x1F));
  1137                           
  1138  065B  1683               	bsf	3,5	;RP0=1, select bank1
  1139  065C  1303               	bcf	3,6	;RP1=0, select bank1
  1140  065D  1914               	btfsc	20,2	;volatile
  1141  065E  2E60               	goto	u11
  1142  065F  2E61               	goto	u10
  1143  0660                     u11:
  1144  0660  2E5B               	goto	l32
  1145  0661                     u10:
  1146  0661                     l689:
  1147  0661  0811               	movf	17,w	;volatile
  1148  0662  391F               	andlw	31
  1149  0663  1D03               	btfss	3,2
  1150  0664  2E66               	goto	u21
  1151  0665  2E67               	goto	u20
  1152  0666                     u21:
  1153  0666  2E5B               	goto	l32
  1154  0667                     u20:
  1155  0667                     l35:
  1156  0667  0008               	return
  1157  0668                     __end_of_I2C_Master_Wait:
  1158                           
  1159                           	psect	text8
  1160  0668                     __ptext8:	
  1161 ;; *************** function _LM75_init *****************
  1162 ;; Defined at:
  1163 ;;		line 13 in file "LM75.c"
  1164 ;; Parameters:    Size  Location     Type
  1165 ;;		None
  1166 ;; Auto vars:     Size  Location     Type
  1167 ;;		None
  1168 ;; Return value:  Size  Location     Type
  1169 ;;                  1    wreg      void 
  1170 ;; Registers used:
  1171 ;;		wreg, status,2, status,0, pclath, cstack
  1172 ;; Tracked objects:
  1173 ;;		On entry : 0/0
  1174 ;;		On exit  : 0/0
  1175 ;;		Unchanged: 0/0
  1176 ;; Data sizes:     COMMON   BANK0   BANK1   BANK3   BANK2
  1177 ;;      Params:         0       0       0       0       0
  1178 ;;      Locals:         0       0       0       0       0
  1179 ;;      Temps:          0       0       0       0       0
  1180 ;;      Totals:         0       0       0       0       0
  1181 ;;Total ram usage:        0 bytes
  1182 ;; Hardware stack levels used:    1
  1183 ;; Hardware stack levels required when called:    2
  1184 ;; This function calls:
  1185 ;;		_I2C_Master_Init
  1186 ;; This function is called by:
  1187 ;;		_main
  1188 ;; This function uses a non-reentrant model
  1189 ;;
  1190                           
  1191                           
  1192                           ;psect for function _LM75_init
  1193  0668                     _LM75_init:
  1194  0668                     l863:	
  1195                           ;incstack = 0
  1196                           ; Regs used in _LM75_init: [wreg+status,2+status,0+pclath+cstack]
  1197                           
  1198                           
  1199                           ;LM75.c: 15:   I2C_Master_Init(100000);
  1200  0668  3000               	movlw	0
  1201  0669  1283               	bcf	3,5	;RP0=0, select bank0
  1202  066A  1303               	bcf	3,6	;RP1=0, select bank0
  1203  066B  00A3               	movwf	I2C_Master_Init@c+3
  1204  066C  3001               	movlw	1
  1205  066D  00A2               	movwf	I2C_Master_Init@c+2
  1206  066E  3086               	movlw	134
  1207  066F  00A1               	movwf	I2C_Master_Init@c+1
  1208  0670  30A0               	movlw	160
  1209  0671  00A0               	movwf	I2C_Master_Init@c
  1210  0672  120A  118A  26E2  120A  118A  	fcall	_I2C_Master_Init
  1211  0677                     l89:
  1212  0677  0008               	return
  1213  0678                     __end_of_LM75_init:
  1214                           
  1215                           	psect	text9
  1216  06E2                     __ptext9:	
  1217 ;; *************** function _I2C_Master_Init *****************
  1218 ;; Defined at:
  1219 ;;		line 16 in file "I2C.c"
  1220 ;; Parameters:    Size  Location     Type
  1221 ;;  c               4    0[BANK0 ] const unsigned long 
  1222 ;; Auto vars:     Size  Location     Type
  1223 ;;		None
  1224 ;; Return value:  Size  Location     Type
  1225 ;;                  1    wreg      void 
  1226 ;; Registers used:
  1227 ;;		wreg, status,2, status,0, pclath, cstack
  1228 ;; Tracked objects:
  1229 ;;		On entry : 0/0
  1230 ;;		On exit  : 0/0
  1231 ;;		Unchanged: 0/0
  1232 ;; Data sizes:     COMMON   BANK0   BANK1   BANK3   BANK2
  1233 ;;      Params:         0       4       0       0       0
  1234 ;;      Locals:         0       0       0       0       0
  1235 ;;      Temps:          0       4       0       0       0
  1236 ;;      Totals:         0       8       0       0       0
  1237 ;;Total ram usage:        8 bytes
  1238 ;; Hardware stack levels used:    1
  1239 ;; Hardware stack levels required when called:    1
  1240 ;; This function calls:
  1241 ;;		___lldiv
  1242 ;; This function is called by:
  1243 ;;		_LM75_init
  1244 ;; This function uses a non-reentrant model
  1245 ;;
  1246                           
  1247                           
  1248                           ;psect for function _I2C_Master_Init
  1249  06E2                     _I2C_Master_Init:
  1250  06E2                     l847:	
  1251                           ;incstack = 0
  1252                           ; Regs used in _I2C_Master_Init: [wreg+status,2+status,0+pclath+cstack]
  1253                           
  1254                           
  1255                           ;I2C.c: 16: void I2C_Master_Init(const unsigned long c);I2C.c: 17: {;I2C.c: 18:     SSPC
      +                          ON = 0b00101000;
  1256  06E2  3028               	movlw	40
  1257  06E3  1283               	bcf	3,5	;RP0=0, select bank0
  1258  06E4  1303               	bcf	3,6	;RP1=0, select bank0
  1259  06E5  0094               	movwf	20	;volatile
  1260  06E6                     l849:
  1261                           
  1262                           ;I2C.c: 19:     SSPCON2 = 0;
  1263  06E6  1683               	bsf	3,5	;RP0=1, select bank1
  1264  06E7  1303               	bcf	3,6	;RP1=0, select bank1
  1265  06E8  0191               	clrf	17	;volatile
  1266  06E9                     l851:
  1267                           
  1268                           ;I2C.c: 20:     SSPADD = (4000000/(4*c))-1;
  1269  06E9  1283               	bcf	3,5	;RP0=0, select bank0
  1270  06EA  1303               	bcf	3,6	;RP1=0, select bank0
  1271  06EB  0820               	movf	I2C_Master_Init@c,w
  1272  06EC  00A4               	movwf	??_I2C_Master_Init
  1273  06ED  0821               	movf	I2C_Master_Init@c+1,w
  1274  06EE  00A5               	movwf	??_I2C_Master_Init+1
  1275  06EF  0822               	movf	I2C_Master_Init@c+2,w
  1276  06F0  00A6               	movwf	??_I2C_Master_Init+2
  1277  06F1  0823               	movf	I2C_Master_Init@c+3,w
  1278  06F2  00A7               	movwf	??_I2C_Master_Init+3
  1279  06F3  3002               	movlw	2
  1280  06F4                     u295:
  1281  06F4  1003               	clrc
  1282  06F5  0DA4               	rlf	??_I2C_Master_Init,f
  1283  06F6  0DA5               	rlf	??_I2C_Master_Init+1,f
  1284  06F7  0DA6               	rlf	??_I2C_Master_Init+2,f
  1285  06F8  0DA7               	rlf	??_I2C_Master_Init+3,f
  1286  06F9                     u290:
  1287  06F9  3EFF               	addlw	-1
  1288  06FA  1D03               	skipz
  1289  06FB  2EF4               	goto	u295
  1290  06FC  0827               	movf	??_I2C_Master_Init+3,w
  1291  06FD  00F3               	movwf	___lldiv@divisor+3
  1292  06FE  0826               	movf	??_I2C_Master_Init+2,w
  1293  06FF  00F2               	movwf	___lldiv@divisor+2
  1294  0700  0825               	movf	??_I2C_Master_Init+1,w
  1295  0701  00F1               	movwf	___lldiv@divisor+1
  1296  0702  0824               	movf	??_I2C_Master_Init,w
  1297  0703  00F0               	movwf	___lldiv@divisor
  1298  0704  3000               	movlw	0
  1299  0705  00F7               	movwf	___lldiv@dividend+3
  1300  0706  303D               	movlw	61
  1301  0707  00F6               	movwf	___lldiv@dividend+2
  1302  0708  3009               	movlw	9
  1303  0709  00F5               	movwf	___lldiv@dividend+1
  1304  070A  3000               	movlw	0
  1305  070B  00F4               	movwf	___lldiv@dividend
  1306  070C  120A  118A  271A  120A  118A  	fcall	___lldiv
  1307  0711  0870               	movf	?___lldiv,w
  1308  0712  3EFF               	addlw	255
  1309  0713  1683               	bsf	3,5	;RP0=1, select bank1
  1310  0714  1303               	bcf	3,6	;RP1=0, select bank1
  1311  0715  0093               	movwf	19	;volatile
  1312  0716                     l853:
  1313                           
  1314                           ;I2C.c: 21:     SSPSTAT = 0;
  1315  0716  0194               	clrf	20	;volatile
  1316  0717                     l855:
  1317                           
  1318                           ;I2C.c: 22:     TRISCbits.TRISC3 = 1;
  1319  0717  1587               	bsf	7,3	;volatile
  1320  0718                     l857:
  1321                           
  1322                           ;I2C.c: 23:     TRISCbits.TRISC4 = 1;
  1323  0718  1607               	bsf	7,4	;volatile
  1324  0719                     l29:
  1325  0719  0008               	return
  1326  071A                     __end_of_I2C_Master_Init:
  1327                           
  1328                           	psect	text10
  1329  071A                     __ptext10:	
  1330 ;; *************** function ___lldiv *****************
  1331 ;; Defined at:
  1332 ;;		line 5 in file "C:\Program Files\Microchip\xc8\v2.31\pic\sources\c90\common\__lldiv.c"
  1333 ;; Parameters:    Size  Location     Type
  1334 ;;  divisor         4    0[COMMON] unsigned long 
  1335 ;;  dividend        4    4[COMMON] unsigned long 
  1336 ;; Auto vars:     Size  Location     Type
  1337 ;;  quotient        4    9[COMMON] unsigned long 
  1338 ;;  counter         1   13[COMMON] unsigned char 
  1339 ;; Return value:  Size  Location     Type
  1340 ;;                  4    0[COMMON] unsigned long 
  1341 ;; Registers used:
  1342 ;;		wreg, status,2, status,0
  1343 ;; Tracked objects:
  1344 ;;		On entry : 0/0
  1345 ;;		On exit  : 0/0
  1346 ;;		Unchanged: 0/0
  1347 ;; Data sizes:     COMMON   BANK0   BANK1   BANK3   BANK2
  1348 ;;      Params:         8       0       0       0       0
  1349 ;;      Locals:         5       0       0       0       0
  1350 ;;      Temps:          1       0       0       0       0
  1351 ;;      Totals:        14       0       0       0       0
  1352 ;;Total ram usage:       14 bytes
  1353 ;; Hardware stack levels used:    1
  1354 ;; This function calls:
  1355 ;;		Nothing
  1356 ;; This function is called by:
  1357 ;;		_I2C_Master_Init
  1358 ;; This function uses a non-reentrant model
  1359 ;;
  1360                           
  1361                           
  1362                           ;psect for function ___lldiv
  1363  071A                     ___lldiv:
  1364  071A                     l823:	
  1365                           ;incstack = 0
  1366                           ; Regs used in ___lldiv: [wreg+status,2+status,0]
  1367                           
  1368  071A  3000               	movlw	0
  1369  071B  00FC               	movwf	___lldiv@quotient+3
  1370  071C  3000               	movlw	0
  1371  071D  00FB               	movwf	___lldiv@quotient+2
  1372  071E  3000               	movlw	0
  1373  071F  00FA               	movwf	___lldiv@quotient+1
  1374  0720  3000               	movlw	0
  1375  0721  00F9               	movwf	___lldiv@quotient
  1376  0722  0873               	movf	___lldiv@divisor+3,w
  1377  0723  0472               	iorwf	___lldiv@divisor+2,w
  1378  0724  0471               	iorwf	___lldiv@divisor+1,w
  1379  0725  0470               	iorwf	___lldiv@divisor,w
  1380  0726  1903               	skipnz
  1381  0727  2F29               	goto	u221
  1382  0728  2F2A               	goto	u220
  1383  0729                     u221:
  1384  0729  2F77               	goto	l843
  1385  072A                     u220:
  1386  072A                     l825:
  1387  072A  01FD               	clrf	___lldiv@counter
  1388  072B  0AFD               	incf	___lldiv@counter,f
  1389  072C  2F3A               	goto	l829
  1390  072D                     l827:
  1391  072D  3001               	movlw	1
  1392  072E  00F8               	movwf	??___lldiv
  1393  072F                     u235:
  1394  072F  1003               	clrc
  1395  0730  0DF0               	rlf	___lldiv@divisor,f
  1396  0731  0DF1               	rlf	___lldiv@divisor+1,f
  1397  0732  0DF2               	rlf	___lldiv@divisor+2,f
  1398  0733  0DF3               	rlf	___lldiv@divisor+3,f
  1399  0734  0BF8               	decfsz	??___lldiv,f
  1400  0735  2F2F               	goto	u235
  1401  0736  3001               	movlw	1
  1402  0737  00F8               	movwf	??___lldiv
  1403  0738  0878               	movf	??___lldiv,w
  1404  0739  07FD               	addwf	___lldiv@counter,f
  1405  073A                     l829:
  1406  073A  1FF3               	btfss	___lldiv@divisor+3,7
  1407  073B  2F3D               	goto	u241
  1408  073C  2F3E               	goto	u240
  1409  073D                     u241:
  1410  073D  2F2D               	goto	l827
  1411  073E                     u240:
  1412  073E                     l831:
  1413  073E  3001               	movlw	1
  1414  073F  00F8               	movwf	??___lldiv
  1415  0740                     u255:
  1416  0740  1003               	clrc
  1417  0741  0DF9               	rlf	___lldiv@quotient,f
  1418  0742  0DFA               	rlf	___lldiv@quotient+1,f
  1419  0743  0DFB               	rlf	___lldiv@quotient+2,f
  1420  0744  0DFC               	rlf	___lldiv@quotient+3,f
  1421  0745  0BF8               	decfsz	??___lldiv,f
  1422  0746  2F40               	goto	u255
  1423  0747                     l833:
  1424  0747  0873               	movf	___lldiv@divisor+3,w
  1425  0748  0277               	subwf	___lldiv@dividend+3,w
  1426  0749  1D03               	skipz
  1427  074A  2F55               	goto	u265
  1428  074B  0872               	movf	___lldiv@divisor+2,w
  1429  074C  0276               	subwf	___lldiv@dividend+2,w
  1430  074D  1D03               	skipz
  1431  074E  2F55               	goto	u265
  1432  074F  0871               	movf	___lldiv@divisor+1,w
  1433  0750  0275               	subwf	___lldiv@dividend+1,w
  1434  0751  1D03               	skipz
  1435  0752  2F55               	goto	u265
  1436  0753  0870               	movf	___lldiv@divisor,w
  1437  0754  0274               	subwf	___lldiv@dividend,w
  1438  0755                     u265:
  1439  0755  1C03               	skipc
  1440  0756  2F58               	goto	u261
  1441  0757  2F59               	goto	u260
  1442  0758                     u261:
  1443  0758  2F68               	goto	l839
  1444  0759                     u260:
  1445  0759                     l835:
  1446  0759  0870               	movf	___lldiv@divisor,w
  1447  075A  02F4               	subwf	___lldiv@dividend,f
  1448  075B  0871               	movf	___lldiv@divisor+1,w
  1449  075C  1C03               	skipc
  1450  075D  0F71               	incfsz	___lldiv@divisor+1,w
  1451  075E  02F5               	subwf	___lldiv@dividend+1,f
  1452  075F  0872               	movf	___lldiv@divisor+2,w
  1453  0760  1C03               	skipc
  1454  0761  0F72               	incfsz	___lldiv@divisor+2,w
  1455  0762  02F6               	subwf	___lldiv@dividend+2,f
  1456  0763  0873               	movf	___lldiv@divisor+3,w
  1457  0764  1C03               	skipc
  1458  0765  0F73               	incfsz	___lldiv@divisor+3,w
  1459  0766  02F7               	subwf	___lldiv@dividend+3,f
  1460  0767                     l837:
  1461  0767  1479               	bsf	___lldiv@quotient,0
  1462  0768                     l839:
  1463  0768  3001               	movlw	1
  1464  0769                     u275:
  1465  0769  1003               	clrc
  1466  076A  0CF3               	rrf	___lldiv@divisor+3,f
  1467  076B  0CF2               	rrf	___lldiv@divisor+2,f
  1468  076C  0CF1               	rrf	___lldiv@divisor+1,f
  1469  076D  0CF0               	rrf	___lldiv@divisor,f
  1470  076E  3EFF               	addlw	-1
  1471  076F  1D03               	skipz
  1472  0770  2F69               	goto	u275
  1473  0771                     l841:
  1474  0771  3001               	movlw	1
  1475  0772  02FD               	subwf	___lldiv@counter,f
  1476  0773  1D03               	btfss	3,2
  1477  0774  2F76               	goto	u281
  1478  0775  2F77               	goto	u280
  1479  0776                     u281:
  1480  0776  2F3E               	goto	l831
  1481  0777                     u280:
  1482  0777                     l843:
  1483  0777  087C               	movf	___lldiv@quotient+3,w
  1484  0778  00F3               	movwf	?___lldiv+3
  1485  0779  087B               	movf	___lldiv@quotient+2,w
  1486  077A  00F2               	movwf	?___lldiv+2
  1487  077B  087A               	movf	___lldiv@quotient+1,w
  1488  077C  00F1               	movwf	?___lldiv+1
  1489  077D  0879               	movf	___lldiv@quotient,w
  1490  077E  00F0               	movwf	?___lldiv
  1491  077F                     l217:
  1492  077F  0008               	return
  1493  0780                     __end_of___lldiv:
  1494  007E                     btemp	set	126	;btemp
  1495  007E                     wtemp0	set	126
  1496                           
  1497                           	psect	config
  1498                           
  1499                           ;Config register CONFIG1 @ 0x2007
  1500                           ;	Oscillator Selection bits
  1501                           ;	FOSC = INTRC_CLKOUT, INTOSC oscillator: CLKOUT function on RA6/OSC2/CLKOUT pin, I/O fu
      +                          nction on RA7/OSC1/CLKIN
  1502                           ;	Watchdog Timer Enable bit
  1503                           ;	WDTE = OFF, WDT disabled and can be enabled by SWDTEN bit of the WDTCON register
  1504                           ;	Power-up Timer Enable bit
  1505                           ;	PWRTE = OFF, PWRT disabled
  1506                           ;	RE3/MCLR pin function select bit
  1507                           ;	MCLRE = OFF, RE3/MCLR pin function is digital input, MCLR internally tied to VDD
  1508                           ;	Code Protection bit
  1509                           ;	CP = OFF, Program memory code protection is disabled
  1510                           ;	Data Code Protection bit
  1511                           ;	CPD = OFF, Data memory code protection is disabled
  1512                           ;	Brown Out Reset Selection bits
  1513                           ;	BOREN = OFF, BOR disabled
  1514                           ;	Internal External Switchover bit
  1515                           ;	IESO = OFF, Internal/External Switchover mode is disabled
  1516                           ;	Fail-Safe Clock Monitor Enabled bit
  1517                           ;	FCMEN = OFF, Fail-Safe Clock Monitor is disabled
  1518                           ;	Low Voltage Programming Enable bit
  1519                           ;	LVP = OFF, RB3 pin has digital I/O, HV on MCLR must be used for programming
  1520                           ;	In-Circuit Debugger Mode bit
  1521                           ;	DEBUG = 0x1, unprogrammed default
  1522  2007                     	org	8199
  1523  2007  20D5               	dw	8405
  1524                           
  1525                           ;Config register CONFIG2 @ 0x2008
  1526                           ;	Brown-out Reset Selection bit
  1527                           ;	BOR4V = BOR40V, Brown-out Reset set to 4.0V
  1528                           ;	Flash Program Memory Self Write Enable bits
  1529                           ;	WRT = OFF, Write protection off
  1530  2008                     	org	8200
  1531  2008  3FFF               	dw	16383

Data Sizes:
    Strings     0
    Constant    0
    Data        0
    BSS         0
    Persistent  0
    Stack       0

Auto Spaces:
    Space          Size  Autos    Used
    COMMON           14     14      14
    BANK0            80     11      11
    BANK1            80      0       0
    BANK3            96      0       0
    BANK2            96      0       0

Pointer List with Targets:

    None.

Critical Paths under _main in COMMON

    _main->___fltol
    ___fltol->_LM75_read
    _LM75_read->_I2C_Master_Write
    _I2C_Master_Init->___lldiv

Critical Paths under _main in BANK0

    _LM75_init->_I2C_Master_Init

Critical Paths under _main in BANK1

    None.

Critical Paths under _main in BANK3

    None.

Critical Paths under _main in BANK2

    None.

Call Graph Tables:

 ---------------------------------------------------------------------------------
 (Depth) Function   	        Calls       Base Space   Used Autos Params    Refs
 ---------------------------------------------------------------------------------
 (0) _main                                                 3     3      0    1217
                                              8 BANK0      3     3      0
                          _LM75_init
                          _LM75_read
                            ___fltol
                              _setup
 ---------------------------------------------------------------------------------
 (1) _setup                                                0     0      0       0
 ---------------------------------------------------------------------------------
 (1) ___fltol                                             11     7      4     305
                                             10 COMMON     4     0      4
                                              0 BANK0      7     7      0
                          _LM75_read (ARG)
 ---------------------------------------------------------------------------------
 (1) _LM75_read                                            8     4      4     500
                                              2 COMMON     8     4      4
                   _I2C_Master_Start
                    _I2C_Master_Stop
                   _I2C_Master_Write
 ---------------------------------------------------------------------------------
 (2) _I2C_Master_Write                                     2     0      2     478
                                              0 COMMON     2     0      2
                    _I2C_Master_Wait
 ---------------------------------------------------------------------------------
 (2) _I2C_Master_Stop                                      0     0      0       0
                    _I2C_Master_Wait
 ---------------------------------------------------------------------------------
 (2) _I2C_Master_Start                                     0     0      0       0
                    _I2C_Master_Wait
 ---------------------------------------------------------------------------------
 (3) _I2C_Master_Wait                                      0     0      0       0
 ---------------------------------------------------------------------------------
 (1) _LM75_init                                            0     0      0     412
                    _I2C_Master_Init
 ---------------------------------------------------------------------------------
 (2) _I2C_Master_Init                                      8     4      4     412
                                              0 BANK0      8     4      4
                            ___lldiv
 ---------------------------------------------------------------------------------
 (3) ___lldiv                                             14     6      8     314
                                              0 COMMON    14     6      8
 ---------------------------------------------------------------------------------
 Estimated maximum stack depth 3
 ---------------------------------------------------------------------------------

 Call Graph Graphs:

 _main (ROOT)
   _LM75_init
     _I2C_Master_Init
       ___lldiv
   _LM75_read
     _I2C_Master_Start
       _I2C_Master_Wait
     _I2C_Master_Stop
       _I2C_Master_Wait
     _I2C_Master_Write
       _I2C_Master_Wait
   ___fltol
     _LM75_read (ARG)
       _I2C_Master_Start
         _I2C_Master_Wait
       _I2C_Master_Stop
         _I2C_Master_Wait
       _I2C_Master_Write
         _I2C_Master_Wait
   _setup

 Address spaces:
Name               Size   Autos  Total    Cost      Usage
BITCOMMON            E      0       0       0        0.0%
EEDATA             100      0       0       0        0.0%
NULL                 0      0       0       0        0.0%
CODE                 0      0       0       0        0.0%
COMMON               E      E       E       1      100.0%
BITSFR0              0      0       0       1        0.0%
SFR0                 0      0       0       1        0.0%
BITSFR1              0      0       0       2        0.0%
SFR1                 0      0       0       2        0.0%
STACK                0      0       0       2        0.0%
ABS                  0      0       0       3        0.0%
BITBANK0            50      0       0       4        0.0%
BITSFR3              0      0       0       4        0.0%
SFR3                 0      0       0       4        0.0%
BANK0               50      B       B       5       13.8%
BITSFR2              0      0       0       5        0.0%
SFR2                 0      0       0       5        0.0%
BITBANK1            50      0       0       6        0.0%
BANK1               50      0       0       7        0.0%
BITBANK3            60      0       0       8        0.0%
BANK3               60      0       0       9        0.0%
BITBANK2            60      0       0      10        0.0%
BANK2               60      0       0      11        0.0%
DATA                 0      0       0      12        0.0%


Microchip Technology PIC Macro Assembler V2.31 build 20201012212115 
Symbol Table                                                                                   Thu Mar 04 14:09:11 2021

                       l32 065B                         l35 0667                         l44 0650  
                       l29 0719                         l38 0647                         l47 065A  
                       l92 06E1                         l68 063E                         l89 0677  
                       u10 0661                         u11 0660                         u20 0667  
                       u21 0666                        l217 077F                        l374 07E6  
                      l367 07FB                        l377 07FB                        l731 0648  
                      l733 064D                        l901 07EB                        l831 073E  
                      l823 071A                        l727 063F                        l903 07F0  
                      l911 0699                        l841 0771                        l833 0747  
                      l825 072A                        l729 0644                        l905 0678  
                      l835 0759                        l827 072D                        l843 0777  
                      l851 06E9                        l739 0638                        l907 067D  
                      l837 0767                        l829 073A                        l853 0716  
                      l861 0656                        l909 0682                        l839 0768  
                      l855 0717                        l847 06E2                        l863 0668  
                      l687 065B                        l871 078D                        l857 0718  
                      l849 06E6                        l689 0661                        l865 06AC  
                      l881 07B4                        l859 0651                        l867 06D4  
                      l891 07C2                        l883 07B6                        l875 0796  
                      l885 07BA                        l893 07D4                        l877 07AB  
                      l869 0780                        l879 07AC                        l899 07DB  
                      _GIE 005F                        u220 072A                        u300 078D  
                      u221 0729                        u301 078C                        u310 07A4  
                      u240 073E                        u320 07BA                        u241 073D  
                      u321 07B9                        u330 07C1                        u235 072F  
                      u331 07C0                        u315 079F                        u260 0759  
                      u261 0758                        u350 07D3                        u255 0740  
                      u351 07D2                        u407 06A1                        u280 0777  
                      u360 07DA                        u281 0776                        u265 0755  
                      u417 06DA                        u361 07D9                        u345 07C3  
                      u290 06F9                        u275 0769                        u380 07EB  
                      u381 07EA                        u390 07F0                        u295 06F4  
                      u391 07EF                        u375 07DD               ___fltol@exp1 0026  
                     _PEIE 005E         __size_of_LM75_init 0010         __size_of_LM75_read 0037  
                     _main 0678                       btemp 007E                       start 0000  
         ?_I2C_Master_Init 0020           ?_I2C_Master_Wait 0070           ?_I2C_Master_Stop 0070  
            ___fltol@sign1 0025                      ?_main 0070            __end_of___fltol 07FC  
          __end_of___lldiv 0780                      _PORTB 0006                      _TRISB 0086  
                    _SSPIE 0463                      _SSPIF 0063                      _setup 0638  
                    status 0003                      wtemp0 007E            __initialization 07FC  
             __end_of_main 06AB          __end_of_LM75_init 0678          __end_of_LM75_read 06E2  
                   ??_main 0028          ?_I2C_Master_Start 0070          ?_I2C_Master_Write 0070  
       ??_I2C_Master_Start 0070         ??_I2C_Master_Write 0072                     ?_setup 0070  
                   _SSPADD 0093                     _TRISC3 043B                     _TRISC4 043C  
                   _SSPCON 0014                     _SSPBUF 0013                  ??___fltol 0020  
                ??___lldiv 0078    __end_of__initialization 07FC                 ___fltol@f1 007A  
           __pcstackCOMMON 0070              __end_of_setup 063F                    ??_setup 0070  
               __pmaintext 0678                    _SSPCON2 0091                    _SSPSTAT 0094  
                  ___fltol 0780                    ___lldiv 071A                    __ptext1 0638  
                  __ptext2 0780                    __ptext3 06AB                    __ptext4 0651  
                  __ptext5 0648                    __ptext6 063F                    __ptext7 065B  
                  __ptext8 0668                    __ptext9 06E2                  _LM75_init 0668  
                _LM75_read 06AB   __size_of_I2C_Master_Init 0038   __size_of_I2C_Master_Wait 000D  
 __size_of_I2C_Master_Stop 0009       end_of_initialization 07FC  __size_of_I2C_Master_Start 0009  
__size_of_I2C_Master_Write 000A            ___lldiv@divisor 0070            ___lldiv@counter 007D  
         I2C_Master_Init@c 0020                 ?_LM75_init 0070                 ?_LM75_read 0072  
                _TRISCbits 0087        start_initialization 07FC          ??_I2C_Master_Init 0024  
        ??_I2C_Master_Wait 0070          ??_I2C_Master_Stop 0070                ??_LM75_init 007E  
              ??_LM75_read 0076                  ___latbits 0002              __pcstackBANK0 0020  
         _I2C_Master_Start 063F           _I2C_Master_Write 0651                   ?___fltol 007A  
                 ?___lldiv 0070             __size_of_setup 0007        LM75_read@regAddress 0079  
         __size_of___fltol 007C           __size_of___lldiv 0066            _I2C_Master_Init 06E2  
          _I2C_Master_Wait 065B            _I2C_Master_Stop 0648                   __ptext10 071A  
            __size_of_main 0033   __end_of_I2C_Master_Start 0648   __end_of_I2C_Master_Write 065B  
         ___lldiv@dividend 0074    __end_of_I2C_Master_Init 071A    __end_of_I2C_Master_Wait 0668  
  __end_of_I2C_Master_Stop 0651           ___lldiv@quotient 0079          I2C_Master_Write@d 0070  
              _SSPCON2bits 0091  
